[ 2017-05-08T08:23:29+08:00 ] ::1 /firstrmb/Home/User/addUser
ERR: 非法操作:addUser

[ 2017-05-08T08:24:47+08:00 ] ::1 /firstrmb/Home/User/addUser
ERR: 非法操作:addUser

[ 2017-05-08T08:25:39+08:00 ] ::1 /firstrmb/index.php/Home/User/userList.html
ERR: 非法操作:userList

[ 2017-05-08T08:26:30+08:00 ] ::1 /firstrmb/Home/User/updateUser
ERR: 非法操作:updateUser

[ 2017-05-08T16:46:05+08:00 ] ::1 /firstrmb/index.php/Home/Login/index.html
ERR: 无法加载控制器:Login

[ 2017-05-08T16:46:08+08:00 ] ::1 /firstrmb/index.php/Home/Login/index.html
ERR: 无法加载控制器:Login

[ 2017-05-08T16:46:40+08:00 ] ::1 /firstrmb/index.php/Home/Login/index.html
ERR: 无法加载控制器:Login

[ 2017-05-08T16:46:44+08:00 ] ::1 /firstrmb/index.php/Home/Login/index.html
ERR: 无法加载控制器:Login

[ 2017-05-08T16:47:16+08:00 ] ::1 /firstrmb/index.php/Home/Login/index.html
ERR: 无法加载控制器:Login

[ 2017-05-08T16:47:17+08:00 ] ::1 /firstrmb/index.php/Home/Login/index.html
ERR: 无法加载控制器:Login

[ 2017-05-08T16:47:17+08:00 ] ::1 /firstrmb/index.php/Home/Login/index.html
ERR: 无法加载控制器:Login

[ 2017-05-08T16:47:18+08:00 ] ::1 /firstrmb/index.php/Home/Login/index.html
ERR: 无法加载控制器:Login

[ 2017-05-08T16:47:18+08:00 ] ::1 /firstrmb/index.php/Home/Login/index.html
ERR: 无法加载控制器:Login

[ 2017-05-08T16:47:27+08:00 ] ::1 /firstrmb/index.php/Home/
ERR: SQLSTATE[42000]: Syntax error or access violation: 1064 Erreur de syntaxe près de '%d ) LIMIT 1' à la ligne 1

[ 2017-05-08T16:48:00+08:00 ] ::1 /firstrmb/
ERR: SQLSTATE[42000]: Syntax error or access violation: 1064 Erreur de syntaxe près de '%d ) LIMIT 1' à la ligne 1

[ 2017-05-08T18:29:08+08:00 ] ::1 /firstrmb/Home/newsdetail-171.html
ERR: 无法加载控制器:Newsdetail-171

[ 2017-05-08T21:09:53+08:00 ] ::1 /firstrmb/Home/Aboutus/about-4.html
ERR: 非法操作:about-4

[ 2017-05-08T21:59:14+08:00 ] ::1 /firstrmb/Home/Sell/
ERR: 无法加载控制器:Sell

[ 2017-05-08T21:59:16+08:00 ] ::1 /firstrmb/Home/Sell/
ERR: 无法加载控制器:Sell

[ 2017-05-08T22:13:39+08:00 ] ::1 /firstrmb/Home/about-4.html
ERR: 无法加载控制器:About-4

[ 2017-05-08T22:19:43+08:00 ] ::1 /firstrmb/Home/AboutUs
ERR: 无法加载控制器:AboutUs

[ 2017-05-08T23:09:03+08:00 ] ::1 /firstrmb/Home/Activity/details/uid/111
ERR: 非法操作:details

[ 2017-05-08T23:09:14+08:00 ] ::1 /firstrmb/Home/Activity/details/uid/111
ERR: 非法操作:details

[ 2017-05-08T23:13:46+08:00 ] ::1 /firstrmb/Home/Sell/114
ERR: 无法加载控制器:Sell

