[ 2017-05-03T15:08:00+08:00 ] ::1 /firstrmb/Public/qqonline/qqonline.jss
ERR: 无法加载模块:Public

[ 2017-05-03T15:08:00+08:00 ] ::1 /firstrmb/Public/qqonline/qqonline.jss
ERR: 无法加载模块:Public

[ 2017-05-03T15:09:07+08:00 ] ::1 /firstrmb/Public/qqonline/qqonline.jss
ERR: 无法加载模块:Public

[ 2017-05-03T15:09:07+08:00 ] ::1 /firstrmb/Public/images/logo.jpg
ERR: 无法加载模块:Public

[ 2017-05-03T15:09:07+08:00 ] ::1 /firstrmb/Public/images/bg-icon.gif
ERR: 无法加载模块:Public

[ 2017-05-03T15:09:07+08:00 ] ::1 /firstrmb/Public/images/nav-line.jpg
ERR: 无法加载模块:Public

[ 2017-05-03T15:09:07+08:00 ] ::1 /firstrmb/Public/images/top-txt.png
ERR: 无法加载模块:Public

[ 2017-05-03T15:09:57+08:00 ] ::1 /firstrmb/Public/qqonline/qqonline.jss
ERR: 无法加载模块:Public

[ 2017-05-03T15:09:57+08:00 ] ::1 /firstrmb/Public/images/top-txt.png
ERR: 无法加载模块:Public

[ 2017-05-03T15:09:57+08:00 ] ::1 /firstrmb/Public/images/logo.jpg
ERR: 无法加载模块:Public


[ 2017-05-03T15:09:57+08:00 ] ::1 /firstrmb/Public/images/ul-style.jpg
ERR: 无法加载模块:Public

[ 2017-05-03T15:09:57+08:00 ] ::1 /firstrmb/Public/images/banner/banner.jpg
ERR: 无法加载模块:Public

[ 2017-05-03T15:09:57+08:00 ] ::1 /firstrmb/Public/images/nav-line.jpg
ERR: 无法加载模块:Public

[ 2017-05-03T15:10:46+08:00 ] ::1 /firstrmb/Public/qqonline/qqonline.jss
ERR: 无法加载模块:Public

[ 2017-05-03T15:10:46+08:00 ] ::1 /firstrmb/Public/images/nav-line.jpg
ERR: 无法加载模块:Public

[ 2017-05-03T15:10:46+08:00 ] ::1 /firstrmb/Public/images/rmb/bg.jpg
ERR: 无法加载模块:Public

[ 2017-05-03T15:10:46+08:00 ] ::1 /firstrmb/Public/images/top-txt.png
ERR: 无法加载模块:Public

[ 2017-05-03T15:10:46+08:00 ] ::1 /firstrmb/Public/images/logo.jpg
ERR: 无法加载模块:Public

[ 2017-05-03T15:10:46+08:00 ] ::1 /firstrmb/Public/images/ul-style.jpg
ERR: 无法加载模块:Public

[ 2017-05-03T15:10:46+08:00 ] ::1 /firstrmb/Public/images/banner/banner.jpg
ERR: 无法加载模块:Public

[ 2017-05-03T15:12:36+08:00 ] ::1 /firstrmb/Public/qqonline/qqonline.jss
ERR: 无法加载模块:Public

[ 2017-05-03T15:12:36+08:00 ] ::1 /firstrmb/Public/images/rmb/bg.jpg
ERR: 无法加载模块:Public

[ 2017-05-03T15:12:36+08:00 ] ::1 /firstrmb/Public/images/nav-line.jpg
ERR: 无法加载模块:Public

[ 2017-05-03T15:12:36+08:00 ] ::1 /firstrmb/Public/images/top-txt.png
ERR: 无法加载模块:Public

[ 2017-05-03T15:12:36+08:00 ] ::1 /firstrmb/Public/images/logo.jpg
ERR: 无法加载模块:Public

[ 2017-05-03T15:12:36+08:00 ] ::1 /firstrmb/Public/images/ul-style.jpg
ERR: 无法加载模块:Public

c

[ 2017-05-03T15:15:37+08:00 ] ::1 /firstrmb/Public/qqonline/qqonline.jss
ERR: 无法加载模块:Public

[ 2017-05-03T15:15:37+08:00 ] ::1 /firstrmb/Public/images/top-txt.png
ERR: 无法加载模块:Public

[ 2017-05-03T15:15:37+08:00 ] ::1 /firstrmb/Public/images/nav-line.jpg
ERR: 无法加载模块:Public

[ 2017-05-03T15:15:37+08:00 ] ::1 /firstrmb/Public/images/logo.jpg
ERR: 无法加载模块:Public


[ 2017-05-03T15:15:37+08:00 ] ::1 /firstrmb/Public/images/ul-style.jpg
ERR: 无法加载模块:Public

[ 2017-05-03T15:17:02+08:00 ] ::1 /firstrmb/Public/qqonline/qqonline.jss
ERR: 无法加载模块:Public

[ 2017-05-03T15:17:02+08:00 ] ::1 /firstrmb/Public/images/rmb/bg.jpg
ERR: 无法加载模块:Public

[ 2017-05-03T15:17:02+08:00 ] ::1 /firstrmb/Public/images/top-txt.png
ERR: 无法加载模块:Public

[ 2017-05-03T15:17:02+08:00 ] ::1 /firstrmb/Public/images/ul-style.jpg
ERR: 无法加载模块:Public

[ 2017-05-03T15:17:02+08:00 ] ::1 /firstrmb/Public/images/nav-line.jpg
ERR: 无法加载模块:Public

[ 2017-05-03T15:17:02+08:00 ] ::1 /firstrmb/Public/images/logo.jpg
ERR: 无法加载模块:Public

[ 2017-05-03T15:17:12+08:00 ] ::1 /firstrmb/Public/qqonline/qqonline.jss
ERR: 无法加载模块:Public

[ 2017-05-03T15:17:12+08:00 ] ::1 /firstrmb/Public/images/nav-line.jpg
ERR: 无法加载模块:Public

[ 2017-05-03T15:17:12+08:00 ] ::1 /firstrmb/Public/images/logo.jpg
ERR: 无法加载模块:Public

[ 2017-05-03T15:17:12+08:00 ] ::1 /firstrmb/Public/images/rmb/bg.jpg
ERR: 无法加载模块:Public

[ 2017-05-03T15:17:12+08:00 ] ::1 /firstrmb/Public/images/ul-style.jpg
ERR: 无法加载模块:Public

[ 2017-05-03T15:17:12+08:00 ] ::1 /firstrmb/Public/images/top-txt.png
ERR: 无法加载模块:Public

[ 2017-05-03T15:17:25+08:00 ] ::1 /firstrmb/Public/qqonline/qqonline.jss
ERR: 无法加载模块:Public

[ 2017-05-03T15:17:25+08:00 ] ::1 /firstrmb/Public/images/rmb/bg.jpg
ERR: 无法加载模块:Public

[ 2017-05-03T15:17:25+08:00 ] ::1 /firstrmb/Public/images/top-txt.png
ERR: 无法加载模块:Public


[ 2017-05-03T15:17:25+08:00 ] ::1 /firstrmb/Public/images/ul-style.jpg
ERR: 无法加载模块:Public

[ 2017-05-03T15:18:58+08:00 ] ::1 /firstrmb/Public/qqonline/qqonline.jss
ERR: 无法加载模块:Public

[ 2017-05-03T15:18:58+08:00 ] ::1 /firstrmb/Public/images/logo.jpg
ERR: 无法加载模块:Public

[ 2017-05-03T15:18:58+08:00 ] ::1 /firstrmb/Public/images/top-txt.png
ERR: 无法加载模块:Public

[ 2017-05-03T15:18:58+08:00 ] ::1 /firstrmb/Public/images/ul-style.jpg
ERR: 无法加载模块:Public

[ 2017-05-03T15:18:58+08:00 ] ::1 /firstrmb/Public/images/nav-line.jpg
ERR: 无法加载模块:Public

[ 2017-05-03T15:21:16+08:00 ] ::1 /firstrmb/Public/qqonline/qqonline.jss
ERR: 无法加载模块:Public

[ 2017-05-03T15:21:16+08:00 ] ::1 /firstrmb/Public/images/logo.jpg
ERR: 无法加载模块:Public

[ 2017-05-03T15:21:16+08:00 ] ::1 /firstrmb/Public/images/top-txt.png
ERR: 无法加载模块:Public

[ 2017-05-03T15:21:16+08:00 ] ::1 /firstrmb/Public/images/ul-style.jpg
ERR: 无法加载模块:Public

[ 2017-05-03T15:21:16+08:00 ] ::1 /firstrmb/Public/images/nav-line.jpg
ERR: 无法加载模块:Public

[ 2017-05-03T15:21:58+08:00 ] ::1 /firstrmb/Public/qqonline/qqonline.jss
ERR: 无法加载模块:Public

[ 2017-05-03T15:21:58+08:00 ] ::1 /firstrmb/Public/images/nav-line.jpg
ERR: 无法加载模块:Public

[ 2017-05-03T15:21:58+08:00 ] ::1 /firstrmb/Public/images/ul-style.jpg
ERR: 无法加载模块:Public

[ 2017-05-03T15:21:58+08:00 ] ::1 /firstrmb/Public/images/top-txt.png
ERR: 无法加载模块:Public

[ 2017-05-03T15:22:38+08:00 ] ::1 /firstrmb/Public/qqonline/qqonline.jss
ERR: 无法加载模块:Public

[ 2017-05-03T15:22:39+08:00 ] ::1 /firstrmb/Public/images/nav-line.jpg
ERR: 无法加载模块:Public

[ 2017-05-03T15:22:39+08:00 ] ::1 /firstrmb/Public/images/ul-style.jpg
ERR: 无法加载模块:Public

[ 2017-05-03T15:23:44+08:00 ] ::1 /firstrmb/Public/qqonline/qqonline.jss
ERR: 无法加载模块:Public

[ 2017-05-03T15:23:44+08:00 ] ::1 /firstrmb/Public/images/ul-style.jpg
ERR: 无法加载模块:Public

[ 2017-05-03T15:23:44+08:00 ] ::1 /firstrmb/Public/images/nav-line.jpg
ERR: 无法加载模块:Public

[ 2017-05-03T15:24:53+08:00 ] ::1 /firstrmb/Public/qqonline/qqonline.jss
ERR: 无法加载模块:Public

[ 2017-05-03T15:24:54+08:00 ] ::1 /firstrmb/Public/images/nav-line.jpg
ERR: 无法加载模块:Public

[ 2017-05-03T15:24:54+08:00 ] ::1 /firstrmb/Public/images/ul-style.jpg
ERR: 无法加载模块:Public

[ 2017-05-03T15:25:00+08:00 ] ::1 /firstrmb/Public/qqonline/qqonline.jss
ERR: 无法加载模块:Public

[ 2017-05-03T15:25:00+08:00 ] ::1 /firstrmb/Public/images/nav-line.jpg
ERR: 无法加载模块:Public

[ 2017-05-03T15:25:00+08:00 ] ::1 /firstrmb/Public/images/ul-style.jpg
ERR: 无法加载模块:Public

[ 2017-05-03T15:28:19+08:00 ] ::1 /firstrmb/Public/qqonline/qqonline.jss
ERR: 无法加载模块:Public

[ 2017-05-03T15:28:19+08:00 ] ::1 /firstrmb/Public/images/nav-line.jpg
ERR: 无法加载模块:Public

[ 2017-05-03T15:28:32+08:00 ] ::1 /firstrmb/Public/qqonline/qqonline.jss
ERR: 无法加载模块:Public

[ 2017-05-03T15:28:32+08:00 ] ::1 /firstrmb/Public/images/nav-line.jpg
ERR: 无法加载模块:Public

[ 2017-05-03T15:32:23+08:00 ] ::1 /firstrmb/Public/qqonline/qqonline.jss
ERR: 无法加载模块:Public

[ 2017-05-03T15:32:23+08:00 ] ::1 /firstrmb/Public/images/nav-line.jpg
ERR: 无法加载模块:Public

[ 2017-05-03T15:37:44+08:00 ] ::1 /firstrmb/Public/qqonline/qqonline.jss
ERR: 无法加载模块:Public

[ 2017-05-03T15:37:44+08:00 ] ::1 /firstrmb/Public/images/nav-line.jpg
ERR: 无法加载模块:Public

[ 2017-05-03T15:37:45+08:00 ] ::1 /firstrmb/Public/images/bg-nav.jpg
ERR: 无法加载模块:Public

[ 2017-05-03T22:59:30+08:00 ] ::1 /firstrmb/Public/qqonline/qqonline.jss
ERR: 无法加载模块:Public

[ 2017-05-03T22:59:30+08:00 ] ::1 /firstrmb/Public/images/nav-line.jpg
ERR: 无法加载模块:Public

[ 2017-05-03T23:07:41+08:00 ] ::1 /firstrmb/Public/qqonline/qqonline.jss
ERR: 无法加载模块:Public

[ 2017-05-03T23:07:41+08:00 ] ::1 /firstrmb/Public/images/nav-line.jpg
ERR: 无法加载模块:Public

[ 2017-05-03T23:08:18+08:00 ] ::1 /firstrmb/Public/qqonline/qqonline.jss
ERR: 无法加载模块:Public

[ 2017-05-03T23:08:18+08:00 ] ::1 /firstrmb/Public/images/nav-line.jpg
ERR: 无法加载模块:Public

[ 2017-05-03T23:09:51+08:00 ] ::1 /firstrmb/Public/qqonline/qqonline.jss
ERR: 无法加载模块:Public

[ 2017-05-03T23:09:51+08:00 ] ::1 /firstrmb/Public/images/nav-line.jpg
ERR: 无法加载模块:Public

[ 2017-05-03T23:16:05+08:00 ] ::1 /firstrmb/Public/images/bg-nav.jpg
ERR: 无法加载模块:Public

