[ 2017-05-08T15:38:52+08:00 ] ::1 /firstrmb/Public/qqonline/qqonline.jss
ERR: 无法加载模块:Public

[ 2017-05-08T15:38:52+08:00 ] ::1 /firstrmb/Public/images/nav-line.jpg
ERR: 无法加载模块:Public

[ 2017-05-08T15:39:31+08:00 ] ::1 /firstrmb/about-4.html
ERR: 无法加载模块:About-4

[ 2017-05-08T15:50:11+08:00 ] ::1 /firstrmb/Public/qqonline/qqonline.jss
ERR: 无法加载模块:Public

[ 2017-05-08T15:50:11+08:00 ] ::1 /firstrmb/Public/images/nav-line.jpg
ERR: 无法加载模块:Public

[ 2017-05-08T15:50:14+08:00 ] ::1 /firstrmb/Public/images/bg-nav.jpg
ERR: 无法加载模块:Public

[ 2017-05-08T15:50:25+08:00 ] ::1 /firstrmb/Public/qqonline/qqonline.jss
ERR: 无法加载模块:Public

[ 2017-05-08T15:50:25+08:00 ] ::1 /firstrmb/Public/images/nav-line.jpg
ERR: 无法加载模块:Public

[ 2017-05-08T15:50:25+08:00 ] ::1 /firstrmb/Public/images/bg-nav.jpg
ERR: 无法加载模块:Public

[ 2017-05-08T15:50:26+08:00 ] ::1 /firstrmb/Public/qqonline/qqonline.jss
ERR: 无法加载模块:Public

[ 2017-05-08T15:50:26+08:00 ] ::1 /firstrmb/Public/images/nav-line.jpg
ERR: 无法加载模块:Public

[ 2017-05-08T15:50:38+08:00 ] ::1 /firstrmb/Public/qqonline/qqonline.jss
ERR: 无法加载模块:Public

[ 2017-05-08T15:50:38+08:00 ] ::1 /firstrmb/Public/images/nav-line.jpg
ERR: 无法加载模块:Public

[ 2017-05-08T15:50:51+08:00 ] ::1 /firstrmb/Public/images/bg-nav.jpg
ERR: 无法加载模块:Public

[ 2017-05-08T15:50:52+08:00 ] ::1 /firstrmb/Public/qqonline/qqonline.jss
ERR: 无法加载模块:Public

[ 2017-05-08T15:54:26+08:00 ] ::1 /firstrmb/Public/images/bg-nav.jpg
ERR: 无法加载模块:Public

[ 2017-05-08T16:25:25+08:00 ] ::1 /firstrmb/Public/qqonline/qqonline.jss
ERR: 无法加载模块:Public

[ 2017-05-08T16:25:25+08:00 ] ::1 /firstrmb/Public/images/nav-line.jpg
ERR: 无法加载模块:Public

[ 2017-05-08T16:25:26+08:00 ] ::1 /firstrmb/Public/qqonline/qqonline.jss
ERR: 无法加载模块:Public

[ 2017-05-08T16:25:26+08:00 ] ::1 /firstrmb/Public/images/nav-line.jpg
ERR: 无法加载模块:Public

[ 2017-05-08T16:25:26+08:00 ] ::1 /firstrmb/Public/qqonline/qqonline.jss
ERR: 无法加载模块:Public

[ 2017-05-08T16:25:26+08:00 ] ::1 /firstrmb/Public/images/nav-line.jpg
ERR: 无法加载模块:Public

[ 2017-05-08T16:25:27+08:00 ] ::1 /firstrmb/Public/images/bg-nav.jpg
ERR: 无法加载模块:Public

[ 2017-05-08T16:27:50+08:00 ] ::1 /firstrmb/Public/qqonline/qqonline.jss
ERR: 无法加载模块:Public

[ 2017-05-08T16:27:51+08:00 ] ::1 /firstrmb/Public/images/nav-line.jpg
ERR: 无法加载模块:Public

[ 2017-05-08T16:27:52+08:00 ] ::1 /firstrmb/Public/images/bg-nav.jpg
ERR: 无法加载模块:Public

[ 2017-05-08T16:27:55+08:00 ] ::1 /firstrmb/Public/qqonline/qqonline.jss
ERR: 无法加载模块:Public

[ 2017-05-08T16:27:55+08:00 ] ::1 /firstrmb/Public/images/nav-line.jpg
ERR: 无法加载模块:Public

[ 2017-05-08T16:28:05+08:00 ] ::1 /firstrmb/Public/images/bg-nav.jpg
ERR: 无法加载模块:Public

[ 2017-05-08T16:28:06+08:00 ] ::1 /firstrmb/Public/qqonline/qqonline.jss
ERR: 无法加载模块:Public

[ 2017-05-08T16:28:06+08:00 ] ::1 /firstrmb/Public/images/nav-line.jpg
ERR: 无法加载模块:Public

[ 2017-05-08T16:28:06+08:00 ] ::1 /firstrmb/Public/qqonline/qqonline.jss
ERR: 无法加载模块:Public

[ 2017-05-08T16:28:06+08:00 ] ::1 /firstrmb/Public/images/nav-line.jpg
ERR: 无法加载模块:Public

[ 2017-05-08T16:28:06+08:00 ] ::1 /firstrmb/Public/qqonline/qqonline.jss
ERR: 无法加载模块:Public

[ 2017-05-08T16:28:07+08:00 ] ::1 /firstrmb/Public/images/nav-line.jpg
ERR: 无法加载模块:Public

[ 2017-05-08T16:28:07+08:00 ] ::1 /firstrmb/Public/qqonline/qqonline.jss
ERR: 无法加载模块:Public

[ 2017-05-08T16:28:07+08:00 ] ::1 /firstrmb/Public/images/nav-line.jpg
ERR: 无法加载模块:Public

[ 2017-05-08T16:28:07+08:00 ] ::1 /firstrmb/Public/qqonline/qqonline.jss
ERR: 无法加载模块:Public

[ 2017-05-08T16:28:07+08:00 ] ::1 /firstrmb/Public/images/nav-line.jpg
ERR: 无法加载模块:Public

[ 2017-05-08T16:28:07+08:00 ] ::1 /firstrmb/Public/qqonline/qqonline.jss
ERR: 无法加载模块:Public

[ 2017-05-08T16:28:07+08:00 ] ::1 /firstrmb/Public/images/nav-line.jpg
ERR: 无法加载模块:Public

[ 2017-05-08T16:28:07+08:00 ] ::1 /firstrmb/Public/qqonline/qqonline.jss
ERR: 无法加载模块:Public

[ 2017-05-08T16:28:07+08:00 ] ::1 /firstrmb/Public/images/nav-line.jpg
ERR: 无法加载模块:Public

[ 2017-05-08T16:28:07+08:00 ] ::1 /firstrmb/Public/qqonline/qqonline.jss
ERR: 无法加载模块:Public

[ 2017-05-08T16:28:07+08:00 ] ::1 /firstrmb/Public/images/nav-line.jpg
ERR: 无法加载模块:Public

[ 2017-05-08T16:28:07+08:00 ] ::1 /firstrmb/Public/qqonline/qqonline.jss
ERR: 无法加载模块:Public

[ 2017-05-08T16:28:08+08:00 ] ::1 /firstrmb/Public/images/nav-line.jpg
ERR: 无法加载模块:Public

[ 2017-05-08T16:28:08+08:00 ] ::1 /firstrmb/Public/qqonline/qqonline.jss
ERR: 无法加载模块:Public

[ 2017-05-08T16:28:08+08:00 ] ::1 /firstrmb/Public/images/nav-line.jpg
ERR: 无法加载模块:Public

[ 2017-05-08T16:28:08+08:00 ] ::1 /firstrmb/Public/qqonline/qqonline.jss
ERR: 无法加载模块:Public

[ 2017-05-08T16:28:08+08:00 ] ::1 /firstrmb/Public/images/nav-line.jpg
ERR: 无法加载模块:Public

[ 2017-05-08T16:28:08+08:00 ] ::1 /firstrmb/Public/qqonline/qqonline.jss
ERR: 无法加载模块:Public

[ 2017-05-08T16:28:08+08:00 ] ::1 /firstrmb/Public/images/nav-line.jpg
ERR: 无法加载模块:Public

[ 2017-05-08T16:28:08+08:00 ] ::1 /firstrmb/Public/qqonline/qqonline.jss
ERR: 无法加载模块:Public

[ 2017-05-08T16:28:08+08:00 ] ::1 /firstrmb/Public/images/nav-line.jpg
ERR: 无法加载模块:Public

[ 2017-05-08T16:28:08+08:00 ] ::1 /firstrmb/Public/qqonline/qqonline.jss
ERR: 无法加载模块:Public

[ 2017-05-08T16:28:09+08:00 ] ::1 /firstrmb/Public/images/nav-line.jpg
ERR: 无法加载模块:Public

[ 2017-05-08T16:28:09+08:00 ] ::1 /firstrmb/Public/qqonline/qqonline.jss
ERR: 无法加载模块:Public

[ 2017-05-08T16:28:09+08:00 ] ::1 /firstrmb/Public/images/nav-line.jpg
ERR: 无法加载模块:Public

[ 2017-05-08T16:28:09+08:00 ] ::1 /firstrmb/Public/qqonline/qqonline.jss
ERR: 无法加载模块:Public

[ 2017-05-08T16:28:09+08:00 ] ::1 /firstrmb/Public/images/nav-line.jpg
ERR: 无法加载模块:Public

[ 2017-05-08T16:28:09+08:00 ] ::1 /firstrmb/Public/images/bg-nav.jpg
ERR: 无法加载模块:Public

[ 2017-05-08T16:31:08+08:00 ] ::1 /firstrmb/Public/qqonline/qqonline.jss
ERR: 无法加载模块:Public

[ 2017-05-08T16:31:09+08:00 ] ::1 /firstrmb/Public/qqonline/qqonline.jss
ERR: 无法加载模块:Public

[ 2017-05-08T16:31:09+08:00 ] ::1 /firstrmb/Public/qqonline/qqonline.jss
ERR: 无法加载模块:Public

[ 2017-05-08T16:31:32+08:00 ] ::1 /firstrmb/Public/qqonline/qqonline.jss
ERR: 无法加载模块:Public

[ 2017-05-08T16:31:43+08:00 ] ::1 /firstrmb/Public/qqonline/qqonline.jss
ERR: 无法加载模块:Public

[ 2017-05-08T16:31:44+08:00 ] ::1 /firstrmb/Public/qqonline/qqonline.jss
ERR: 无法加载模块:Public

[ 2017-05-08T16:31:44+08:00 ] ::1 /firstrmb/Public/qqonline/qqonline.jss
ERR: 无法加载模块:Public

[ 2017-05-08T16:31:56+08:00 ] ::1 /firstrmb/Public/qqonline/qqonline.jss
ERR: 无法加载模块:Public

[ 2017-05-08T16:36:42+08:00 ] ::1 /firstrmb/Public/qqonline/qqonline.jss
ERR: 无法加载模块:Public

[ 2017-05-08T16:36:42+08:00 ] ::1 /firstrmb/Public/images/nav-line.jpg
ERR: 无法加载模块:Public

[ 2017-05-08T16:36:43+08:00 ] ::1 /firstrmb/Public/images/bg-nav.jpg
ERR: 无法加载模块:Public

[ 2017-05-08T16:36:44+08:00 ] ::1 /firstrmb/Public/qqonline/qqonline.jss
ERR: 无法加载模块:Public

[ 2017-05-08T16:37:54+08:00 ] ::1 /firstrmb/Public/qqonline/qqonline.jss
ERR: 无法加载模块:Public

[ 2017-05-08T16:37:56+08:00 ] ::1 /firstrmb/Public/qqonline/qqonline.jss
ERR: 无法加载模块:Public

[ 2017-05-08T16:37:57+08:00 ] ::1 /firstrmb/Public/qqonline/qqonline.jss
ERR: 无法加载模块:Public

[ 2017-05-08T16:37:58+08:00 ] ::1 /firstrmb/Public/qqonline/qqonline.jss
ERR: 无法加载模块:Public

[ 2017-05-08T16:38:23+08:00 ] ::1 /firstrmb/Public/qqonline/qqonline.jss
ERR: 无法加载模块:Public

[ 2017-05-08T16:42:10+08:00 ] ::1 /firstrmb/Public/qqonline/qqonline.jss
ERR: 无法加载模块:Public

[ 2017-05-08T16:42:10+08:00 ] ::1 /firstrmb/Public/qqonline/qqonline.jss
ERR: 无法加载模块:Public

[ 2017-05-08T16:42:33+08:00 ] ::1 /firstrmb/Public/qqonline/qqonline.jss
ERR: 无法加载模块:Public

[ 2017-05-08T16:42:33+08:00 ] ::1 /firstrmb/Public/images/nav-line.jpg
ERR: 无法加载模块:Public

[ 2017-05-08T16:44:01+08:00 ] ::1 /firstrmb/Public/images/bg-nav.jpg
ERR: 无法加载模块:Public

[ 2017-05-08T16:44:02+08:00 ] ::1 /firstrmb/Public/qqonline/qqonline.jss
ERR: 无法加载模块:Public

[ 2017-05-08T16:44:02+08:00 ] ::1 /firstrmb/Public/images/nav-line.jpg
ERR: 无法加载模块:Public

[ 2017-05-08T16:44:03+08:00 ] ::1 /firstrmb/Public/qqonline/qqonline.jss
ERR: 无法加载模块:Public

[ 2017-05-08T16:44:03+08:00 ] ::1 /firstrmb/Public/images/bg-nav.jpg
ERR: 无法加载模块:Public

[ 2017-05-08T16:44:17+08:00 ] ::1 /firstrmb/Public/qqonline/qqonline.jss
ERR: 无法加载模块:Public

[ 2017-05-08T16:45:04+08:00 ] ::1 /firstrmb/Public/qqonline/qqonline.jss
ERR: 无法加载模块:Public

[ 2017-05-08T16:45:04+08:00 ] ::1 /firstrmb/Public/images/nav-line.jpg
ERR: 无法加载模块:Public

[ 2017-05-08T16:45:04+08:00 ] ::1 /firstrmb/Public/qqonline/qqonline.jss
ERR: 无法加载模块:Public

[ 2017-05-08T16:45:13+08:00 ] ::1 /firstrmb/Public/qqonline/qqonline.jss
ERR: 无法加载模块:Public

[ 2017-05-08T16:45:13+08:00 ] ::1 /firstrmb/Public/images/bg-nav.jpg
ERR: 无法加载模块:Public

[ 2017-05-08T16:45:32+08:00 ] ::1 /firstrmb/Public/qqonline/qqonline.jss
ERR: 无法加载模块:Public

[ 2017-05-08T16:45:54+08:00 ] ::1 /firstrmb/Public/qqonline/qqonline.jss
ERR: 无法加载模块:Public

[ 2017-05-08T16:45:54+08:00 ] ::1 /firstrmb/Public/images/nav-line.jpg
ERR: 无法加载模块:Public

[ 2017-05-08T16:45:55+08:00 ] ::1 /firstrmb/Public/images/bg-nav.jpg
ERR: 无法加载模块:Public

[ 2017-05-08T16:46:03+08:00 ] ::1 /firstrmb/Public/qqonline/qqonline.jss
ERR: 无法加载模块:Public

[ 2017-05-08T16:46:03+08:00 ] ::1 /firstrmb/Public/images/nav-line.jpg
ERR: 无法加载模块:Public

[ 2017-05-08T16:48:18+08:00 ] ::1 /firstrmb/Public/images/bg-nav.jpg
ERR: 无法加载模块:Public

[ 2017-05-08T16:48:19+08:00 ] ::1 /firstrmb/Public/qqonline/qqonline.jss
ERR: 无法加载模块:Public

[ 2017-05-08T16:48:19+08:00 ] ::1 /firstrmb/Public/images/nav-line.jpg
ERR: 无法加载模块:Public

[ 2017-05-08T16:49:54+08:00 ] ::1 /firstrmb/Public/qqonline/qqonline.jss
ERR: 无法加载模块:Public

[ 2017-05-08T16:49:54+08:00 ] ::1 /firstrmb/Public/images/nav-line.jpg
ERR: 无法加载模块:Public

[ 2017-05-08T16:54:11+08:00 ] ::1 /firstrmb/Public/qqonline/qqonline.jss
ERR: 无法加载模块:Public

[ 2017-05-08T16:54:11+08:00 ] ::1 /firstrmb/Public/images/nav-line.jpg
ERR: 无法加载模块:Public

[ 2017-05-08T16:54:17+08:00 ] ::1 /firstrmb/Public/qqonline/qqonline.jss
ERR: 无法加载模块:Public

[ 2017-05-08T16:54:17+08:00 ] ::1 /firstrmb/Public/images/nav-line.jpg
ERR: 无法加载模块:Public

[ 2017-05-08T16:54:58+08:00 ] ::1 /firstrmb/Public/qqonline/qqonline.jss
ERR: 无法加载模块:Public

[ 2017-05-08T16:54:58+08:00 ] ::1 /firstrmb/Public/images/nav-line.jpg
ERR: 无法加载模块:Public

[ 2017-05-08T16:55:28+08:00 ] ::1 /firstrmb/Public/qqonline/qqonline.jss
ERR: 无法加载模块:Public

[ 2017-05-08T16:55:28+08:00 ] ::1 /firstrmb/Public/images/nav-line.jpg
ERR: 无法加载模块:Public

[ 2017-05-08T16:55:29+08:00 ] ::1 /firstrmb/Public/qqonline/qqonline.jss
ERR: 无法加载模块:Public

[ 2017-05-08T16:55:30+08:00 ] ::1 /firstrmb/Public/qqonline/qqonline.jss
ERR: 无法加载模块:Public

[ 2017-05-08T16:56:09+08:00 ] ::1 /firstrmb/Public/qqonline/qqonline.jss
ERR: 无法加载模块:Public

[ 2017-05-08T16:57:00+08:00 ] ::1 /firstrmb/Public/qqonline/qqonline.jss
ERR: 无法加载模块:Public

[ 2017-05-08T17:00:49+08:00 ] ::1 /firstrmb/Public/qqonline/qqonline.jss
ERR: 无法加载模块:Public

[ 2017-05-08T17:00:49+08:00 ] ::1 /firstrmb/Public/images/nav-line.jpg
ERR: 无法加载模块:Public

[ 2017-05-08T17:01:15+08:00 ] ::1 /firstrmb/Public/qqonline/qqonline.jss
ERR: 无法加载模块:Public

[ 2017-05-08T17:01:15+08:00 ] ::1 /firstrmb/Public/images/nav-line.jpg
ERR: 无法加载模块:Public

[ 2017-05-08T17:05:50+08:00 ] ::1 /firstrmb/Public/qqonline/qqonline.jss
ERR: 无法加载模块:Public

[ 2017-05-08T17:05:50+08:00 ] ::1 /firstrmb/Public/images/nav-line.jpg
ERR: 无法加载模块:Public

[ 2017-05-08T17:06:05+08:00 ] ::1 /firstrmb/Public/qqonline/qqonline.jss
ERR: 无法加载模块:Public

[ 2017-05-08T17:06:05+08:00 ] ::1 /firstrmb/Public/images/nav-line.jpg
ERR: 无法加载模块:Public

[ 2017-05-08T17:06:46+08:00 ] ::1 /firstrmb/Public/qqonline/qqonline.jss
ERR: 无法加载模块:Public

[ 2017-05-08T17:06:46+08:00 ] ::1 /firstrmb/Public/images/nav-line.jpg
ERR: 无法加载模块:Public

[ 2017-05-08T17:08:01+08:00 ] ::1 /firstrmb/Public/qqonline/qqonline.jss
ERR: 无法加载模块:Public

[ 2017-05-08T17:08:01+08:00 ] ::1 /firstrmb/Public/images/nav-line.jpg
ERR: 无法加载模块:Public

[ 2017-05-08T17:08:11+08:00 ] ::1 /firstrmb/Public/qqonline/qqonline.jss
ERR: 无法加载模块:Public

[ 2017-05-08T17:08:11+08:00 ] ::1 /firstrmb/Public/images/nav-line.jpg
ERR: 无法加载模块:Public

[ 2017-05-08T17:11:47+08:00 ] ::1 /firstrmb/Public/qqonline/qqonline.jss
ERR: 无法加载模块:Public

[ 2017-05-08T17:11:47+08:00 ] ::1 /firstrmb/Public/images/nav-line.jpg
ERR: 无法加载模块:Public

[ 2017-05-08T17:11:48+08:00 ] ::1 /firstrmb/Public/qqonline/qqonline.jss
ERR: 无法加载模块:Public

[ 2017-05-08T17:11:49+08:00 ] ::1 /firstrmb/Public/qqonline/qqonline.jss
ERR: 无法加载模块:Public

[ 2017-05-08T17:11:49+08:00 ] ::1 /firstrmb/Public/images/bg-nav.jpg
ERR: 无法加载模块:Public

[ 2017-05-08T17:16:58+08:00 ] ::1 /firstrmb/Public/qqonline/qqonline.jss
ERR: 无法加载模块:Public

[ 2017-05-08T17:17:12+08:00 ] ::1 /firstrmb/Public/qqonline/qqonline.jss
ERR: 无法加载模块:Public

[ 2017-05-08T17:20:10+08:00 ] ::1 /firstrmb/Public/qqonline/qqonline.jss
ERR: 无法加载模块:Public

[ 2017-05-08T17:20:26+08:00 ] ::1 /firstrmb/Public/qqonline/qqonline.jss
ERR: 无法加载模块:Public

[ 2017-05-08T17:20:36+08:00 ] ::1 /firstrmb/Public/qqonline/qqonline.jss
ERR: 无法加载模块:Public

[ 2017-05-08T17:21:29+08:00 ] ::1 /firstrmb/Public/qqonline/qqonline.jss
ERR: 无法加载模块:Public

[ 2017-05-08T17:21:58+08:00 ] ::1 /firstrmb/Public/qqonline/qqonline.jss
ERR: 无法加载模块:Public

[ 2017-05-08T17:23:08+08:00 ] ::1 /firstrmb/Public/qqonline/qqonline.jss
ERR: 无法加载模块:Public

[ 2017-05-08T17:25:04+08:00 ] ::1 /firstrmb/Public/qqonline/qqonline.jss
ERR: 无法加载模块:Public

[ 2017-05-08T17:25:26+08:00 ] ::1 /firstrmb/Public/qqonline/qqonline.jss
ERR: 无法加载模块:Public

[ 2017-05-08T17:25:36+08:00 ] ::1 /firstrmb/Public/qqonline/qqonline.jss
ERR: 无法加载模块:Public

[ 2017-05-08T17:26:01+08:00 ] ::1 /firstrmb/Public/qqonline/qqonline.jss
ERR: 无法加载模块:Public

[ 2017-05-08T17:26:34+08:00 ] ::1 /firstrmb/Public/qqonline/qqonline.jss
ERR: 无法加载模块:Public

[ 2017-05-08T17:26:50+08:00 ] ::1 /firstrmb/Public/qqonline/qqonline.jss
ERR: 无法加载模块:Public

[ 2017-05-08T17:27:12+08:00 ] ::1 /firstrmb/Public/qqonline/qqonline.jss
ERR: 无法加载模块:Public

[ 2017-05-08T17:28:17+08:00 ] ::1 /firstrmb/Public/qqonline/qqonline.jss
ERR: 无法加载模块:Public

[ 2017-05-08T17:29:19+08:00 ] ::1 /firstrmb/Public/qqonline/qqonline.jss
ERR: 无法加载模块:Public

[ 2017-05-08T17:31:57+08:00 ] ::1 /firstrmb/Public/qqonline/qqonline.jss
ERR: 无法加载模块:Public

[ 2017-05-08T17:33:42+08:00 ] ::1 /firstrmb/Public/qqonline/qqonline.jss
ERR: 无法加载模块:Public

[ 2017-05-08T17:33:42+08:00 ] ::1 /firstrmb/Public/images/nav-line.jpg
ERR: 无法加载模块:Public

[ 2017-05-08T17:33:43+08:00 ] ::1 /firstrmb/Public/images/bg-nav.jpg
ERR: 无法加载模块:Public

[ 2017-05-08T17:34:13+08:00 ] ::1 /firstrmb/Public/qqonline/qqonline.jss
ERR: 无法加载模块:Public

[ 2017-05-08T17:34:13+08:00 ] ::1 /firstrmb/Public/images/nav-line.jpg
ERR: 无法加载模块:Public

[ 2017-05-08T17:34:13+08:00 ] ::1 /firstrmb/Public/images/bg-nav.jpg
ERR: 无法加载模块:Public

[ 2017-05-08T17:35:10+08:00 ] ::1 /firstrmb/Public/qqonline/qqonline.jss
ERR: 无法加载模块:Public

[ 2017-05-08T17:35:10+08:00 ] ::1 /firstrmb/Public/images/nav-line.jpg
ERR: 无法加载模块:Public

[ 2017-05-08T17:35:10+08:00 ] ::1 /firstrmb/Public/qqonline/qqonline.jss
ERR: 无法加载模块:Public

[ 2017-05-08T17:35:11+08:00 ] ::1 /firstrmb/Public/qqonline/qqonline.jss
ERR: 无法加载模块:Public

[ 2017-05-08T17:35:11+08:00 ] ::1 /firstrmb/Public/images/bg-nav.jpg
ERR: 无法加载模块:Public

[ 2017-05-08T17:35:59+08:00 ] ::1 /firstrmb/Public/qqonline/qqonline.jss
ERR: 无法加载模块:Public

[ 2017-05-08T17:35:59+08:00 ] ::1 /firstrmb/Public/images/nav-line.jpg
ERR: 无法加载模块:Public

[ 2017-05-08T17:36:00+08:00 ] ::1 /firstrmb/Public/images/bg-nav.jpg
ERR: 无法加载模块:Public

[ 2017-05-08T17:36:28+08:00 ] ::1 /firstrmb/Public/qqonline/qqonline.jss
ERR: 无法加载模块:Public

[ 2017-05-08T17:36:28+08:00 ] ::1 /firstrmb/Public/images/nav-line.jpg
ERR: 无法加载模块:Public

[ 2017-05-08T17:36:28+08:00 ] ::1 /firstrmb/Public/images/bg-nav.jpg
ERR: 无法加载模块:Public

[ 2017-05-08T17:36:36+08:00 ] ::1 /firstrmb/Public/qqonline/qqonline.jss
ERR: 无法加载模块:Public

[ 2017-05-08T17:36:36+08:00 ] ::1 /firstrmb/Public/images/nav-line.jpg
ERR: 无法加载模块:Public

[ 2017-05-08T17:36:37+08:00 ] ::1 /firstrmb/Public/images/bg-nav.jpg
ERR: 无法加载模块:Public

[ 2017-05-08T17:36:49+08:00 ] ::1 /firstrmb/Public/qqonline/qqonline.jss
ERR: 无法加载模块:Public

[ 2017-05-08T17:36:50+08:00 ] ::1 /firstrmb/Public/images/nav-line.jpg
ERR: 无法加载模块:Public

[ 2017-05-08T17:36:50+08:00 ] ::1 /firstrmb/Public/images/bg-nav.jpg
ERR: 无法加载模块:Public

[ 2017-05-08T17:37:03+08:00 ] ::1 /firstrmb/Public/qqonline/qqonline.jss
ERR: 无法加载模块:Public

[ 2017-05-08T17:37:03+08:00 ] ::1 /firstrmb/Public/images/nav-line.jpg
ERR: 无法加载模块:Public

[ 2017-05-08T17:37:03+08:00 ] ::1 /firstrmb/Public/images/bg-nav.jpg
ERR: 无法加载模块:Public

[ 2017-05-08T17:42:57+08:00 ] ::1 /firstrmb/Public/qqonline/qqonline.jss
ERR: 无法加载模块:Public

[ 2017-05-08T17:42:57+08:00 ] ::1 /firstrmb/Public/images/nav-line.jpg
ERR: 无法加载模块:Public

[ 2017-05-08T17:42:57+08:00 ] ::1 /firstrmb/Public/images/bg-nav.jpg
ERR: 无法加载模块:Public

[ 2017-05-08T17:49:13+08:00 ] ::1 /firstrmb/Public/qqonline/qqonline.jss
ERR: 无法加载模块:Public

[ 2017-05-08T17:49:13+08:00 ] ::1 /firstrmb/Public/images/nav-line.jpg
ERR: 无法加载模块:Public

[ 2017-05-08T17:49:16+08:00 ] ::1 /firstrmb/Public/images/bg-nav.jpg
ERR: 无法加载模块:Public

[ 2017-05-08T18:03:13+08:00 ] ::1 /firstrmb/Public/qqonline/qqonline.jss
ERR: 无法加载模块:Public

[ 2017-05-08T18:03:13+08:00 ] ::1 /firstrmb/Public/images/nav-line.jpg
ERR: 无法加载模块:Public

[ 2017-05-08T18:03:15+08:00 ] ::1 /firstrmb/Public/qqonline/qqonline.jss
ERR: 无法加载模块:Public

[ 2017-05-08T18:07:50+08:00 ] ::1 /firstrmb/Public/images/bg-nav.jpg
ERR: 无法加载模块:Public

[ 2017-05-08T18:19:44+08:00 ] ::1 /firstrmb/Public/qqonline/qqonline.jss
ERR: 无法加载模块:Public

[ 2017-05-08T18:19:44+08:00 ] ::1 /firstrmb/Public/qqonline/qqonline.jss
ERR: 无法加载模块:Public

[ 2017-05-08T18:20:08+08:00 ] ::1 /firstrmb/Public/qqonline/qqonline.jss
ERR: 无法加载模块:Public

[ 2017-05-08T18:22:18+08:00 ] ::1 /firstrmb/Public/qqonline/qqonline.jss
ERR: 无法加载模块:Public

[ 2017-05-08T18:22:18+08:00 ] ::1 /firstrmb/Publick/Images/home.jpg
ERR: 无法加载模块:Publick

[ 2017-05-08T18:22:19+08:00 ] ::1 /firstrmb/Public/qqonline/qqonline.jss
ERR: 无法加载模块:Public

[ 2017-05-08T18:22:19+08:00 ] ::1 /firstrmb/Publick/Images/home.jpg
ERR: 无法加载模块:Publick

[ 2017-05-08T18:22:19+08:00 ] ::1 /firstrmb/Public/qqonline/qqonline.jss
ERR: 无法加载模块:Public

[ 2017-05-08T18:22:19+08:00 ] ::1 /firstrmb/Publick/Images/home.jpg
ERR: 无法加载模块:Publick

[ 2017-05-08T18:22:43+08:00 ] ::1 /firstrmb/Public/qqonline/qqonline.jss
ERR: 无法加载模块:Public

[ 2017-05-08T18:23:22+08:00 ] ::1 /firstrmb/Public/qqonline/qqonline.jss
ERR: 无法加载模块:Public

[ 2017-05-08T18:23:23+08:00 ] ::1 /firstrmb/Public/qqonline/qqonline.jss
ERR: 无法加载模块:Public

[ 2017-05-08T18:23:23+08:00 ] ::1 /firstrmb/Public/qqonline/qqonline.jss
ERR: 无法加载模块:Public

[ 2017-05-08T18:24:19+08:00 ] ::1 /firstrmb/Public/qqonline/qqonline.jss
ERR: 无法加载模块:Public

[ 2017-05-08T18:24:20+08:00 ] ::1 /firstrmb/Public/qqonline/qqonline.jss
ERR: 无法加载模块:Public

[ 2017-05-08T18:24:47+08:00 ] ::1 /firstrmb/Public/qqonline/qqonline.jss
ERR: 无法加载模块:Public

[ 2017-05-08T18:24:48+08:00 ] ::1 /firstrmb/Public/qqonline/qqonline.jss
ERR: 无法加载模块:Public

[ 2017-05-08T18:24:48+08:00 ] ::1 /firstrmb/Public/qqonline/qqonline.jss
ERR: 无法加载模块:Public

[ 2017-05-08T18:26:26+08:00 ] ::1 /firstrmb/Public/qqonline/qqonline.jss
ERR: 无法加载模块:Public

[ 2017-05-08T18:33:41+08:00 ] ::1 /firstrmb/Public/qqonline/qqonline.jss
ERR: 无法加载模块:Public

[ 2017-05-08T18:34:22+08:00 ] ::1 /firstrmb/Public/qqonline/qqonline.jss
ERR: 无法加载模块:Public

[ 2017-05-08T18:34:24+08:00 ] ::1 /firstrmb/Public/images/bg-nav.jpg
ERR: 无法加载模块:Public

[ 2017-05-08T18:34:44+08:00 ] ::1 /firstrmb/Public/qqonline/qqonline.jss
ERR: 无法加载模块:Public

[ 2017-05-08T18:34:44+08:00 ] ::1 /firstrmb/Public/qqonline/qqonline.jss
ERR: 无法加载模块:Public

[ 2017-05-08T18:35:24+08:00 ] ::1 /firstrmb/Public/qqonline/qqonline.jss
ERR: 无法加载模块:Public

[ 2017-05-08T18:35:52+08:00 ] ::1 /firstrmb/Public/qqonline/qqonline.jss
ERR: 无法加载模块:Public

[ 2017-05-08T18:36:22+08:00 ] ::1 /firstrmb/Public/qqonline/qqonline.jss
ERR: 无法加载模块:Public

[ 2017-05-08T18:37:23+08:00 ] ::1 /firstrmb/Public/qqonline/qqonline.jss
ERR: 无法加载模块:Public

[ 2017-05-08T18:37:24+08:00 ] ::1 /firstrmb/Public/qqonline/qqonline.jss
ERR: 无法加载模块:Public

[ 2017-05-08T18:37:27+08:00 ] ::1 /firstrmb/Public/qqonline/qqonline.jss
ERR: 无法加载模块:Public

[ 2017-05-08T18:37:44+08:00 ] ::1 /firstrmb/Public/qqonline/qqonline.jss
ERR: 无法加载模块:Public

[ 2017-05-08T18:37:44+08:00 ] ::1 /firstrmb/Public/images/nav-line.jpg
ERR: 无法加载模块:Public

[ 2017-05-08T18:37:45+08:00 ] ::1 /firstrmb/Public/images/bg-nav.jpg
ERR: 无法加载模块:Public

[ 2017-05-08T18:38:33+08:00 ] ::1 /firstrmb/Public/qqonline/qqonline.jss
ERR: 无法加载模块:Public

[ 2017-05-08T18:38:33+08:00 ] ::1 /firstrmb/Public/images/nav-line.jpg
ERR: 无法加载模块:Public

[ 2017-05-08T18:38:34+08:00 ] ::1 /firstrmb/Public/images/bg-nav.jpg
ERR: 无法加载模块:Public

[ 2017-05-08T18:41:02+08:00 ] ::1 /firstrmb/Public/qqonline/qqonline.jss
ERR: 无法加载模块:Public

[ 2017-05-08T18:41:02+08:00 ] ::1 /firstrmb/Public/images/nav-line.jpg
ERR: 无法加载模块:Public

[ 2017-05-08T18:41:55+08:00 ] ::1 /firstrmb/Public/qqonline/qqonline.jss
ERR: 无法加载模块:Public

[ 2017-05-08T18:41:55+08:00 ] ::1 /firstrmb/Public/images/nav-line.jpg
ERR: 无法加载模块:Public

[ 2017-05-08T18:41:59+08:00 ] ::1 /firstrmb/Public/images/bg-nav.jpg
ERR: 无法加载模块:Public

[ 2017-05-08T18:45:07+08:00 ] ::1 /firstrmb/Public/qqonline/qqonline.jss
ERR: 无法加载模块:Public

[ 2017-05-08T18:45:07+08:00 ] ::1 /firstrmb/Public/images/nav-line.jpg
ERR: 无法加载模块:Public

[ 2017-05-08T18:46:40+08:00 ] ::1 /firstrmb/Public/qqonline/qqonline.jss
ERR: 无法加载模块:Public

[ 2017-05-08T18:46:40+08:00 ] ::1 /firstrmb/Public/images/nav-line.jpg
ERR: 无法加载模块:Public

[ 2017-05-08T18:46:56+08:00 ] ::1 /firstrmb/Public/qqonline/qqonline.jss
ERR: 无法加载模块:Public

[ 2017-05-08T18:46:56+08:00 ] ::1 /firstrmb/Public/images/nav-line.jpg
ERR: 无法加载模块:Public

[ 2017-05-08T18:47:07+08:00 ] ::1 /firstrmb/Public/qqonline/qqonline.jss
ERR: 无法加载模块:Public

[ 2017-05-08T18:47:07+08:00 ] ::1 /firstrmb/Public/images/nav-line.jpg
ERR: 无法加载模块:Public

[ 2017-05-08T18:50:09+08:00 ] ::1 /firstrmb/Public/qqonline/qqonline.jss
ERR: 无法加载模块:Public

[ 2017-05-08T18:50:09+08:00 ] ::1 /firstrmb/Public/images/nav-line.jpg
ERR: 无法加载模块:Public

[ 2017-05-08T18:53:42+08:00 ] ::1 /firstrmb/Public/qqonline/qqonline.jss
ERR: 无法加载模块:Public

[ 2017-05-08T18:53:42+08:00 ] ::1 /firstrmb/Public/images/nav-line.jpg
ERR: 无法加载模块:Public

[ 2017-05-08T18:54:12+08:00 ] ::1 /firstrmb/Public/images/bg-nav.jpg
ERR: 无法加载模块:Public

[ 2017-05-08T18:56:52+08:00 ] ::1 /firstrmb/Public/qqonline/qqonline.jss
ERR: 无法加载模块:Public

[ 2017-05-08T18:56:52+08:00 ] ::1 /firstrmb/Public/images/nav-line.jpg
ERR: 无法加载模块:Public

[ 2017-05-08T18:58:49+08:00 ] ::1 /firstrmb/Public/qqonline/qqonline.jss
ERR: 无法加载模块:Public

[ 2017-05-08T18:58:49+08:00 ] ::1 /firstrmb/Public/images/nav-line.jpg
ERR: 无法加载模块:Public

[ 2017-05-08T18:59:28+08:00 ] ::1 /firstrmb/Public/qqonline/qqonline.jss
ERR: 无法加载模块:Public

[ 2017-05-08T18:59:28+08:00 ] ::1 /firstrmb/Public/images/nav-line.jpg
ERR: 无法加载模块:Public

[ 2017-05-08T19:02:33+08:00 ] ::1 /firstrmb/Public/qqonline/qqonline.jss
ERR: 无法加载模块:Public

[ 2017-05-08T19:02:34+08:00 ] ::1 /firstrmb/Public/images/nav-line.jpg
ERR: 无法加载模块:Public

[ 2017-05-08T19:03:03+08:00 ] ::1 /firstrmb/Public/qqonline/qqonline.jss
ERR: 无法加载模块:Public

[ 2017-05-08T19:03:03+08:00 ] ::1 /firstrmb/Public/images/nav-line.jpg
ERR: 无法加载模块:Public

[ 2017-05-08T19:03:49+08:00 ] ::1 /firstrmb/Public/images/bg-nav.jpg
ERR: 无法加载模块:Public

[ 2017-05-08T19:03:52+08:00 ] ::1 /firstrmb/Public/qqonline/qqonline.jss
ERR: 无法加载模块:Public

[ 2017-05-08T19:03:52+08:00 ] ::1 /firstrmb/Public/images/nav-line.jpg
ERR: 无法加载模块:Public

[ 2017-05-08T19:03:53+08:00 ] ::1 /firstrmb/Public/images/bg-nav.jpg
ERR: 无法加载模块:Public

[ 2017-05-08T19:03:54+08:00 ] ::1 /firstrmb/Public/qqonline/qqonline.jss
ERR: 无法加载模块:Public

[ 2017-05-08T19:03:55+08:00 ] ::1 /firstrmb/Public/qqonline/qqonline.jss
ERR: 无法加载模块:Public

[ 2017-05-08T19:21:46+08:00 ] ::1 /firstrmb/Public/qqonline/qqonline.jss
ERR: 无法加载模块:Public

[ 2017-05-08T19:21:46+08:00 ] ::1 /firstrmb/Public/images/nav-line.jpg
ERR: 无法加载模块:Public

[ 2017-05-08T19:21:47+08:00 ] ::1 /firstrmb/Public/images/bg-nav.jpg
ERR: 无法加载模块:Public

[ 2017-05-08T19:21:57+08:00 ] ::1 /firstrmb/Public/qqonline/qqonline.jss
ERR: 无法加载模块:Public

[ 2017-05-08T19:21:57+08:00 ] ::1 /firstrmb/Public/images/nav-line.jpg
ERR: 无法加载模块:Public

[ 2017-05-08T19:21:58+08:00 ] ::1 /firstrmb/Public/qqonline/qqonline.jss
ERR: 无法加载模块:Public

[ 2017-05-08T19:21:58+08:00 ] ::1 /firstrmb/Public/images/bg-nav.jpg
ERR: 无法加载模块:Public

[ 2017-05-08T19:23:55+08:00 ] ::1 /firstrmb/Public/qqonline/qqonline.jss
ERR: 无法加载模块:Public

[ 2017-05-08T19:23:56+08:00 ] ::1 /firstrmb/Aboutus/aboutus
ERR: 无法加载模块:Aboutus

[ 2017-05-08T19:24:09+08:00 ] ::1 /firstrmb/Public/qqonline/qqonline.jss
ERR: 无法加载模块:Public

[ 2017-05-08T19:24:10+08:00 ] ::1 /firstrmb/Public/images/bg-nav.jpg
ERR: 无法加载模块:Public

[ 2017-05-08T19:24:10+08:00 ] ::1 /firstrmb/Aboutus/aboutus
ERR: 无法加载模块:Aboutus

[ 2017-05-08T20:35:36+08:00 ] ::1 /firstrmb/Aboutus/aboutus
ERR: 无法加载模块:Aboutus

[ 2017-05-08T20:35:36+08:00 ] ::1 /firstrmb/Aboutus/aboutus
ERR: 无法加载模块:Aboutus

[ 2017-05-08T20:35:37+08:00 ] ::1 /firstrmb/Aboutus/aboutus
ERR: 无法加载模块:Aboutus

[ 2017-05-08T20:35:38+08:00 ] ::1 /firstrmb/Aboutus/aboutus
ERR: 无法加载模块:Aboutus

[ 2017-05-08T20:36:06+08:00 ] ::1 /firstrmb/Public/qqonline/qqonline.jss
ERR: 无法加载模块:Public

[ 2017-05-08T20:36:07+08:00 ] ::1 /firstrmb/Public/images/bg-nav.jpg
ERR: 无法加载模块:Public

[ 2017-05-08T20:36:07+08:00 ] ::1 /firstrmb/Public/qqonline/qqonline.jss
ERR: 无法加载模块:Public

[ 2017-05-08T20:38:19+08:00 ] ::1 /firstrmb/Public/qqonline/qqonline.jss
ERR: 无法加载模块:Public

[ 2017-05-08T20:38:20+08:00 ] ::1 /firstrmb/Public/qqonline/qqonline.jss
ERR: 无法加载模块:Public

[ 2017-05-08T20:38:34+08:00 ] ::1 /firstrmb/Public/qqonline/qqonline.jss
ERR: 无法加载模块:Public

[ 2017-05-08T20:38:34+08:00 ] ::1 /firstrmb/Public/images/nav-line.jpg
ERR: 无法加载模块:Public

[ 2017-05-08T20:38:35+08:00 ] ::1 /firstrmb/Public/images/bg-nav.jpg
ERR: 无法加载模块:Public

[ 2017-05-08T20:38:40+08:00 ] ::1 /firstrmb/Public/qqonline/qqonline.jss
ERR: 无法加载模块:Public

[ 2017-05-08T20:38:40+08:00 ] ::1 /firstrmb/Public/images/nav-line.jpg
ERR: 无法加载模块:Public

[ 2017-05-08T20:38:40+08:00 ] ::1 /firstrmb/Public/qqonline/qqonline.jss
ERR: 无法加载模块:Public

[ 2017-05-08T20:38:42+08:00 ] ::1 /firstrmb/Public/images/bg-nav.jpg
ERR: 无法加载模块:Public

[ 2017-05-08T20:38:43+08:00 ] ::1 /firstrmb/Public/qqonline/qqonline.jss
ERR: 无法加载模块:Public

[ 2017-05-08T20:39:36+08:00 ] ::1 /firstrmb/Public/qqonline/qqonline.jss
ERR: 无法加载模块:Public

[ 2017-05-08T20:39:36+08:00 ] ::1 /firstrmb/Public/qqonline/qqonline.jss
ERR: 无法加载模块:Public

[ 2017-05-08T20:39:36+08:00 ] ::1 /firstrmb/Public/qqonline/qqonline.jss
ERR: 无法加载模块:Public

[ 2017-05-08T20:39:37+08:00 ] ::1 /firstrmb/Public/qqonline/qqonline.jss
ERR: 无法加载模块:Public

[ 2017-05-08T20:40:01+08:00 ] ::1 /firstrmb/Public/qqonline/qqonline.jss
ERR: 无法加载模块:Public

[ 2017-05-08T20:47:57+08:00 ] ::1 /firstrmb/Public/images/bg-icon.gif
ERR: 无法加载模块:Public

[ 2017-05-08T20:49:05+08:00 ] ::1 /firstrmb/Public/images/bg-icon.gif
ERR: 无法加载模块:Public

[ 2017-05-08T20:49:06+08:00 ] ::1 /firstrmb/Public/images/bg-icon.gif
ERR: 无法加载模块:Public

[ 2017-05-08T20:49:10+08:00 ] ::1 /firstrmb/Public/images/bg-icon.gif
ERR: 无法加载模块:Public

[ 2017-05-08T20:52:23+08:00 ] ::1 /firstrmb/Public/images/nav-line.jpg
ERR: 无法加载模块:Public

[ 2017-05-08T20:53:32+08:00 ] ::1 /firstrmb/Public/images/nav-line.jpg
ERR: 无法加载模块:Public

[ 2017-05-08T20:53:34+08:00 ] ::1 /firstrmb/Public/images/nav-line.jpg
ERR: 无法加载模块:Public

[ 2017-05-08T20:53:35+08:00 ] ::1 /firstrmb/Public/images/nav-line.jpg
ERR: 无法加载模块:Public

[ 2017-05-08T20:53:35+08:00 ] ::1 /firstrmb/Public/images/nav-line.jpg
ERR: 无法加载模块:Public

[ 2017-05-08T21:05:13+08:00 ] ::1 /firstrmb/Public/images/bg-nav.jpg
ERR: 无法加载模块:Public

[ 2017-05-08T21:08:41+08:00 ] ::1 /firstrmb/Public/images/bg-nav.jpg
ERR: 无法加载模块:Public

[ 2017-05-08T21:09:50+08:00 ] ::1 /firstrmb/Public/images/nav-line.jpg
ERR: 无法加载模块:Public

[ 2017-05-08T21:09:51+08:00 ] ::1 /firstrmb/Public/images/bg-nav.jpg
ERR: 无法加载模块:Public

[ 2017-05-08T21:09:52+08:00 ] ::1 /firstrmb/Public/images/nav-line.jpg
ERR: 无法加载模块:Public

[ 2017-05-08T21:09:53+08:00 ] ::1 /firstrmb/Public/images/bg-nav.jpg
ERR: 无法加载模块:Public

[ 2017-05-08T21:09:55+08:00 ] ::1 /firstrmb/Public/images/nav-line.jpg
ERR: 无法加载模块:Public

[ 2017-05-08T21:09:56+08:00 ] ::1 /firstrmb/Public/images/bg-nav.jpg
ERR: 无法加载模块:Public

[ 2017-05-08T21:09:56+08:00 ] ::1 /firstrmb/Public/images/nav-line.jpg
ERR: 无法加载模块:Public

[ 2017-05-08T21:09:57+08:00 ] ::1 /firstrmb/Public/images/bg-nav.jpg
ERR: 无法加载模块:Public

[ 2017-05-08T21:10:22+08:00 ] ::1 /firstrmb/Public/images/nav-line.jpg
ERR: 无法加载模块:Public

[ 2017-05-08T21:11:02+08:00 ] ::1 /firstrmb/Public/images/nav-line.jpg
ERR: 无法加载模块:Public

[ 2017-05-08T21:11:03+08:00 ] ::1 /firstrmb/Public/images/bg-nav.jpg
ERR: 无法加载模块:Public

[ 2017-05-08T21:13:04+08:00 ] ::1 /firstrmb/Public/images/nav-line.jpg
ERR: 无法加载模块:Public

[ 2017-05-08T21:13:05+08:00 ] ::1 /firstrmb/Public/images/bg-nav.jpg
ERR: 无法加载模块:Public

[ 2017-05-08T21:13:10+08:00 ] ::1 /firstrmb/Public/images/nav-line.jpg
ERR: 无法加载模块:Public

[ 2017-05-08T21:13:10+08:00 ] ::1 /firstrmb/Public/images/bg-nav.jpg
ERR: 无法加载模块:Public

[ 2017-05-08T21:13:13+08:00 ] ::1 /firstrmb/Public/images/nav-line.jpg
ERR: 无法加载模块:Public

[ 2017-05-08T21:13:13+08:00 ] ::1 /firstrmb/Public/images/bg-nav.jpg
ERR: 无法加载模块:Public

[ 2017-05-08T21:14:19+08:00 ] ::1 /firstrmb/Public/images/nav-line.jpg
ERR: 无法加载模块:Public

[ 2017-05-08T21:14:19+08:00 ] ::1 /firstrmb/Public/images/bg-nav.jpg
ERR: 无法加载模块:Public

[ 2017-05-08T21:16:51+08:00 ] ::1 /firstrmb/Public/images/nav-line.jpg
ERR: 无法加载模块:Public

[ 2017-05-08T21:16:52+08:00 ] ::1 /firstrmb/Public/images/bg-nav.jpg
ERR: 无法加载模块:Public

[ 2017-05-08T21:40:44+08:00 ] ::1 /firstrmb/Public/images/nav-line.jpg
ERR: 无法加载模块:Public

[ 2017-05-08T21:40:45+08:00 ] ::1 /firstrmb/Public/images/bg-nav.jpg
ERR: 无法加载模块:Public

[ 2017-05-08T21:41:05+08:00 ] ::1 /firstrmb/Public/images/nav-line.jpg
ERR: 无法加载模块:Public

[ 2017-05-08T21:41:05+08:00 ] ::1 /firstrmb/Public/images/bg-nav.jpg
ERR: 无法加载模块:Public

[ 2017-05-08T21:41:59+08:00 ] ::1 /firstrmb/Public/images/nav-line.jpg
ERR: 无法加载模块:Public

[ 2017-05-08T21:42:00+08:00 ] ::1 /firstrmb/Public/images/bg-nav.jpg
ERR: 无法加载模块:Public

[ 2017-05-08T21:46:42+08:00 ] ::1 /firstrmb/Uploads/2
ERR: 无法加载模块:Uploads

[ 2017-05-08T21:46:42+08:00 ] ::1 /firstrmb/Uploads/4
ERR: 无法加载模块:Uploads

[ 2017-05-08T21:46:42+08:00 ] ::1 /firstrmb/Uploads/1
ERR: 无法加载模块:Uploads

[ 2017-05-08T21:46:42+08:00 ] ::1 /firstrmb/Uploads/z
ERR: 无法加载模块:Uploads

[ 2017-05-08T21:46:42+08:00 ] ::1 /firstrmb/Public/images/nav-line.jpg
ERR: 无法加载模块:Public

[ 2017-05-08T21:48:06+08:00 ] ::1 /firstrmb/Public/images/bg-nav.jpg
ERR: 无法加载模块:Public

[ 2017-05-08T21:48:08+08:00 ] ::1 /firstrmb/Uploads/1
ERR: 无法加载模块:Uploads

[ 2017-05-08T21:48:08+08:00 ] ::1 /firstrmb/Uploads/4
ERR: 无法加载模块:Uploads

[ 2017-05-08T21:48:08+08:00 ] ::1 /firstrmb/Uploads/z
ERR: 无法加载模块:Uploads

[ 2017-05-08T21:48:08+08:00 ] ::1 /firstrmb/Uploads/2
ERR: 无法加载模块:Uploads

[ 2017-05-08T21:48:08+08:00 ] ::1 /firstrmb/Public/images/nav-line.jpg
ERR: 无法加载模块:Public

[ 2017-05-08T21:48:11+08:00 ] ::1 /firstrmb/Public/images/bg-nav.jpg
ERR: 无法加载模块:Public

[ 2017-05-08T21:48:33+08:00 ] ::1 /firstrmb/Public/images/nav-line.jpg
ERR: 无法加载模块:Public

[ 2017-05-08T21:48:33+08:00 ] ::1 /firstrmb/Public/images/bg-nav.jpg
ERR: 无法加载模块:Public

[ 2017-05-08T21:48:41+08:00 ] ::1 /firstrmb/Public/images/nav-line.jpg
ERR: 无法加载模块:Public

[ 2017-05-08T21:48:42+08:00 ] ::1 /firstrmb/Public/images/bg-nav.jpg
ERR: 无法加载模块:Public

[ 2017-05-08T21:49:03+08:00 ] ::1 /firstrmb/Public/images/nav-line.jpg
ERR: 无法加载模块:Public

[ 2017-05-08T21:49:19+08:00 ] ::1 /firstrmb/Public/images/bg-nav.jpg
ERR: 无法加载模块:Public

[ 2017-05-08T21:49:20+08:00 ] ::1 /firstrmb/Public/images/nav-line.jpg
ERR: 无法加载模块:Public

[ 2017-05-08T21:49:20+08:00 ] ::1 /firstrmb/Public/images/bg-nav.jpg
ERR: 无法加载模块:Public

[ 2017-05-08T21:49:41+08:00 ] ::1 /firstrmb/Public/images/nav-line.jpg
ERR: 无法加载模块:Public

[ 2017-05-08T21:49:43+08:00 ] ::1 /firstrmb/Public/images/nav-line.jpg
ERR: 无法加载模块:Public

[ 2017-05-08T21:55:25+08:00 ] ::1 /firstrmb/Public/images/nav-line.jpg
ERR: 无法加载模块:Public

[ 2017-05-08T21:55:26+08:00 ] ::1 /firstrmb/Public/images/bg-nav.jpg
ERR: 无法加载模块:Public

[ 2017-05-08T21:55:30+08:00 ] ::1 /firstrmb/Public/images/nav-line.jpg
ERR: 无法加载模块:Public

[ 2017-05-08T21:55:30+08:00 ] ::1 /firstrmb/Public/images/bg-nav.jpg
ERR: 无法加载模块:Public

[ 2017-05-08T21:55:31+08:00 ] ::1 /firstrmb/Public/images/nav-line.jpg
ERR: 无法加载模块:Public

[ 2017-05-08T21:55:33+08:00 ] ::1 /firstrmb/Public/images/nav-line.jpg
ERR: 无法加载模块:Public

[ 2017-05-08T21:55:34+08:00 ] ::1 /firstrmb/Public/images/nav-line.jpg
ERR: 无法加载模块:Public

[ 2017-05-08T21:55:36+08:00 ] ::1 /firstrmb/Public/images/nav-line.jpg
ERR: 无法加载模块:Public

[ 2017-05-08T21:55:36+08:00 ] ::1 /firstrmb/Public/images/nav-line.jpg
ERR: 无法加载模块:Public

[ 2017-05-08T21:55:38+08:00 ] ::1 /firstrmb/Public/images/nav-line.jpg
ERR: 无法加载模块:Public

[ 2017-05-08T21:55:39+08:00 ] ::1 /firstrmb/Public/images/nav-line.jpg
ERR: 无法加载模块:Public

[ 2017-05-08T21:55:54+08:00 ] ::1 /firstrmb/Public/images/nav-line.jpg
ERR: 无法加载模块:Public

[ 2017-05-08T21:55:54+08:00 ] ::1 /firstrmb/Public/images/bg-nav.jpg
ERR: 无法加载模块:Public

[ 2017-05-08T21:55:56+08:00 ] ::1 /firstrmb/Public/images/nav-line.jpg
ERR: 无法加载模块:Public

[ 2017-05-08T21:55:57+08:00 ] ::1 /firstrmb/Public/images/nav-line.jpg
ERR: 无法加载模块:Public

[ 2017-05-08T21:55:58+08:00 ] ::1 /firstrmb/Public/images/nav-line.jpg
ERR: 无法加载模块:Public

[ 2017-05-08T21:55:59+08:00 ] ::1 /firstrmb/Public/images/nav-line.jpg
ERR: 无法加载模块:Public

[ 2017-05-08T21:57:10+08:00 ] ::1 /firstrmb/Public/images/nav-line.jpg
ERR: 无法加载模块:Public

[ 2017-05-08T21:57:10+08:00 ] ::1 /firstrmb/Public/images/bg-nav.jpg
ERR: 无法加载模块:Public

[ 2017-05-08T21:57:13+08:00 ] ::1 /firstrmb/Public/images/nav-line.jpg
ERR: 无法加载模块:Public

[ 2017-05-08T21:57:13+08:00 ] ::1 /firstrmb/Public/images/bg-nav.jpg
ERR: 无法加载模块:Public

[ 2017-05-08T21:57:14+08:00 ] ::1 /firstrmb/Public/images/nav-line.jpg
ERR: 无法加载模块:Public

[ 2017-05-08T21:57:16+08:00 ] ::1 /firstrmb/Public/images/nav-line.jpg
ERR: 无法加载模块:Public

[ 2017-05-08T21:57:16+08:00 ] ::1 /firstrmb/Public/images/nav-line.jpg
ERR: 无法加载模块:Public

[ 2017-05-08T21:57:17+08:00 ] ::1 /firstrmb/Public/images/nav-line.jpg
ERR: 无法加载模块:Public

[ 2017-05-08T21:57:18+08:00 ] ::1 /firstrmb/Public/images/nav-line.jpg
ERR: 无法加载模块:Public

[ 2017-05-08T21:57:19+08:00 ] ::1 /firstrmb/Public/images/nav-line.jpg
ERR: 无法加载模块:Public

[ 2017-05-08T21:57:59+08:00 ] ::1 /firstrmb/Public/images/nav-line.jpg
ERR: 无法加载模块:Public

[ 2017-05-08T21:57:59+08:00 ] ::1 /firstrmb/Public/images/bg-nav.jpg
ERR: 无法加载模块:Public

[ 2017-05-08T21:58:01+08:00 ] ::1 /firstrmb/Public/images/nav-line.jpg
ERR: 无法加载模块:Public

[ 2017-05-08T21:58:02+08:00 ] ::1 /firstrmb/Public/images/nav-line.jpg
ERR: 无法加载模块:Public

[ 2017-05-08T21:58:03+08:00 ] ::1 /firstrmb/Public/images/nav-line.jpg
ERR: 无法加载模块:Public

[ 2017-05-08T21:58:04+08:00 ] ::1 /firstrmb/Public/images/nav-line.jpg
ERR: 无法加载模块:Public

[ 2017-05-08T21:58:06+08:00 ] ::1 /firstrmb/Public/images/nav-line.jpg
ERR: 无法加载模块:Public

[ 2017-05-08T21:58:07+08:00 ] ::1 /firstrmb/Public/images/nav-line.jpg
ERR: 无法加载模块:Public

[ 2017-05-08T21:58:08+08:00 ] ::1 /firstrmb/Public/images/nav-line.jpg
ERR: 无法加载模块:Public

[ 2017-05-08T21:58:08+08:00 ] ::1 /firstrmb/Public/images/bg-nav.jpg
ERR: 无法加载模块:Public

[ 2017-05-08T21:58:09+08:00 ] ::1 /firstrmb/Public/images/nav-line.jpg
ERR: 无法加载模块:Public

[ 2017-05-08T21:58:09+08:00 ] ::1 /firstrmb/Public/images/bg-nav.jpg
ERR: 无法加载模块:Public

[ 2017-05-08T21:58:10+08:00 ] ::1 /firstrmb/Public/images/nav-line.jpg
ERR: 无法加载模块:Public

[ 2017-05-08T21:58:12+08:00 ] ::1 /firstrmb/Public/images/nav-line.jpg
ERR: 无法加载模块:Public

[ 2017-05-08T21:58:12+08:00 ] ::1 /firstrmb/Public/images/bg-nav.jpg
ERR: 无法加载模块:Public

[ 2017-05-08T21:58:13+08:00 ] ::1 /firstrmb/Public/images/nav-line.jpg
ERR: 无法加载模块:Public

[ 2017-05-08T21:58:13+08:00 ] ::1 /firstrmb/Public/images/bg-nav.jpg
ERR: 无法加载模块:Public

[ 2017-05-08T21:58:14+08:00 ] ::1 /firstrmb/Public/images/nav-line.jpg
ERR: 无法加载模块:Public

[ 2017-05-08T21:58:17+08:00 ] ::1 /firstrmb/Public/images/nav-line.jpg
ERR: 无法加载模块:Public

[ 2017-05-08T21:59:11+08:00 ] ::1 /firstrmb/Public/images/nav-line.jpg
ERR: 无法加载模块:Public

[ 2017-05-08T21:59:12+08:00 ] ::1 /firstrmb/Public/images/nav-line.jpg
ERR: 无法加载模块:Public

[ 2017-05-08T21:59:13+08:00 ] ::1 /firstrmb/Public/images/nav-line.jpg
ERR: 无法加载模块:Public

[ 2017-05-08T21:59:13+08:00 ] ::1 /firstrmb/Public/images/nav-line.jpg
ERR: 无法加载模块:Public

[ 2017-05-08T21:59:14+08:00 ] ::1 /firstrmb/Public/images/nav-line.jpg
ERR: 无法加载模块:Public

[ 2017-05-08T21:59:14+08:00 ] ::1 /firstrmb/Public/images/bg-nav.jpg
ERR: 无法加载模块:Public

[ 2017-05-08T21:59:15+08:00 ] ::1 /firstrmb/Public/images/nav-line.jpg
ERR: 无法加载模块:Public

[ 2017-05-08T21:59:16+08:00 ] ::1 /firstrmb/Public/images/bg-nav.jpg
ERR: 无法加载模块:Public

[ 2017-05-08T21:59:17+08:00 ] ::1 /firstrmb/Public/images/nav-line.jpg
ERR: 无法加载模块:Public

[ 2017-05-08T21:59:33+08:00 ] ::1 /firstrmb/Public/images/nav-line.jpg
ERR: 无法加载模块:Public

[ 2017-05-08T21:59:34+08:00 ] ::1 /firstrmb/Public/images/nav-line.jpg
ERR: 无法加载模块:Public

[ 2017-05-08T21:59:34+08:00 ] ::1 /firstrmb/Public/images/nav-line.jpg
ERR: 无法加载模块:Public

[ 2017-05-08T21:59:34+08:00 ] ::1 /firstrmb/Public/images/bg-nav.jpg
ERR: 无法加载模块:Public

[ 2017-05-08T21:59:58+08:00 ] ::1 /firstrmb/Public/images/nav-line.jpg
ERR: 无法加载模块:Public

[ 2017-05-08T21:59:58+08:00 ] ::1 /firstrmb/Public/images/nav-line.jpg
ERR: 无法加载模块:Public

[ 2017-05-08T21:59:59+08:00 ] ::1 /firstrmb/Public/images/nav-line.jpg
ERR: 无法加载模块:Public

[ 2017-05-08T21:59:59+08:00 ] ::1 /firstrmb/Public/images/bg-nav.jpg
ERR: 无法加载模块:Public

[ 2017-05-08T22:00:08+08:00 ] ::1 /firstrmb/Public/images/nav-line.jpg
ERR: 无法加载模块:Public

[ 2017-05-08T22:00:09+08:00 ] ::1 /firstrmb/Public/images/bg-nav.jpg
ERR: 无法加载模块:Public

[ 2017-05-08T22:00:17+08:00 ] ::1 /firstrmb/Public/images/nav-line.jpg
ERR: 无法加载模块:Public

[ 2017-05-08T22:00:17+08:00 ] ::1 /firstrmb/Public/images/nav-line.jpg
ERR: 无法加载模块:Public

[ 2017-05-08T22:00:18+08:00 ] ::1 /firstrmb/Public/images/nav-line.jpg
ERR: 无法加载模块:Public

[ 2017-05-08T22:00:31+08:00 ] ::1 /firstrmb/Public/images/nav-line.jpg
ERR: 无法加载模块:Public

[ 2017-05-08T22:00:32+08:00 ] ::1 /firstrmb/Public/images/bg-nav.jpg
ERR: 无法加载模块:Public

[ 2017-05-08T22:00:40+08:00 ] ::1 /firstrmb/Public/images/nav-line.jpg
ERR: 无法加载模块:Public

[ 2017-05-08T22:00:40+08:00 ] ::1 /firstrmb/Public/images/bg-nav.jpg
ERR: 无法加载模块:Public

[ 2017-05-08T22:01:37+08:00 ] ::1 /firstrmb/Public/images/nav-line.jpg
ERR: 无法加载模块:Public

[ 2017-05-08T22:01:37+08:00 ] ::1 /firstrmb/Public/images/bg-nav.jpg
ERR: 无法加载模块:Public

[ 2017-05-08T22:01:39+08:00 ] ::1 /firstrmb/Public/images/nav-line.jpg
ERR: 无法加载模块:Public

[ 2017-05-08T22:01:40+08:00 ] ::1 /firstrmb/Public/images/nav-line.jpg
ERR: 无法加载模块:Public

[ 2017-05-08T22:01:40+08:00 ] ::1 /firstrmb/Public/images/bg-nav.jpg
ERR: 无法加载模块:Public

[ 2017-05-08T22:04:41+08:00 ] ::1 /firstrmb/Public/images/nav-line.jpg
ERR: 无法加载模块:Public

[ 2017-05-08T22:04:42+08:00 ] ::1 /firstrmb/Public/images/bg-nav.jpg
ERR: 无法加载模块:Public

[ 2017-05-08T22:07:01+08:00 ] ::1 /firstrmb/Public/images/nav-line.jpg
ERR: 无法加载模块:Public

[ 2017-05-08T22:07:02+08:00 ] ::1 /firstrmb/Public/images/nav-line.jpg
ERR: 无法加载模块:Public

[ 2017-05-08T22:08:03+08:00 ] ::1 /firstrmb/Public/images/nav-line.jpg
ERR: 无法加载模块:Public

[ 2017-05-08T22:08:03+08:00 ] ::1 /firstrmb/Public/images/bg-nav.jpg
ERR: 无法加载模块:Public

[ 2017-05-08T22:08:04+08:00 ] ::1 /firstrmb/Public/images/nav-line.jpg
ERR: 无法加载模块:Public

[ 2017-05-08T22:08:06+08:00 ] ::1 /firstrmb/Public/images/nav-line.jpg
ERR: 无法加载模块:Public

[ 2017-05-08T22:08:12+08:00 ] ::1 /firstrmb/Public/images/bg-nav.jpg
ERR: 无法加载模块:Public

[ 2017-05-08T22:08:13+08:00 ] ::1 /firstrmb/Public/images/nav-line.jpg
ERR: 无法加载模块:Public

[ 2017-05-08T22:09:04+08:00 ] ::1 /firstrmb/Public/images/nav-line.jpg
ERR: 无法加载模块:Public

[ 2017-05-08T22:09:15+08:00 ] ::1 /firstrmb/Public/images/nav-line.jpg
ERR: 无法加载模块:Public

[ 2017-05-08T22:09:16+08:00 ] ::1 /firstrmb/Public/images/nav-line.jpg
ERR: 无法加载模块:Public

[ 2017-05-08T22:09:28+08:00 ] ::1 /firstrmb/Public/images/nav-line.jpg
ERR: 无法加载模块:Public

[ 2017-05-08T22:10:49+08:00 ] ::1 /firstrmb/Public/images/bg-nav.jpg
ERR: 无法加载模块:Public

[ 2017-05-08T22:11:49+08:00 ] ::1 /firstrmb/Public/images/nav-line.jpg
ERR: 无法加载模块:Public

[ 2017-05-08T22:13:04+08:00 ] ::1 /firstrmb/Public/images/nav-line.jpg
ERR: 无法加载模块:Public

[ 2017-05-08T22:13:12+08:00 ] ::1 /firstrmb/Public/images/nav-line.jpg
ERR: 无法加载模块:Public

[ 2017-05-08T22:13:13+08:00 ] ::1 /firstrmb/Public/images/nav-line.jpg
ERR: 无法加载模块:Public

[ 2017-05-08T22:13:27+08:00 ] ::1 /firstrmb/Public/images/bg-nav.jpg
ERR: 无法加载模块:Public

[ 2017-05-08T22:13:29+08:00 ] ::1 /firstrmb/Public/images/nav-line.jpg
ERR: 无法加载模块:Public

[ 2017-05-08T22:13:29+08:00 ] ::1 /firstrmb/Public/images/bg-nav.jpg
ERR: 无法加载模块:Public

[ 2017-05-08T22:13:30+08:00 ] ::1 /firstrmb/Public/images/nav-line.jpg
ERR: 无法加载模块:Public

[ 2017-05-08T22:13:31+08:00 ] ::1 /firstrmb/Public/images/bg-nav.jpg
ERR: 无法加载模块:Public

[ 2017-05-08T22:13:32+08:00 ] ::1 /firstrmb/Public/images/nav-line.jpg
ERR: 无法加载模块:Public

[ 2017-05-08T22:13:33+08:00 ] ::1 /firstrmb/Public/images/bg-nav.jpg
ERR: 无法加载模块:Public

[ 2017-05-08T22:13:34+08:00 ] ::1 /firstrmb/Public/images/nav-line.jpg
ERR: 无法加载模块:Public

[ 2017-05-08T22:13:35+08:00 ] ::1 /firstrmb/Public/images/bg-nav.jpg
ERR: 无法加载模块:Public

[ 2017-05-08T22:13:36+08:00 ] ::1 /firstrmb/Public/images/nav-line.jpg
ERR: 无法加载模块:Public

[ 2017-05-08T22:13:37+08:00 ] ::1 /firstrmb/Public/images/bg-nav.jpg
ERR: 无法加载模块:Public

[ 2017-05-08T22:13:38+08:00 ] ::1 /firstrmb/Public/images/nav-line.jpg
ERR: 无法加载模块:Public

[ 2017-05-08T22:13:38+08:00 ] ::1 /firstrmb/Public/images/bg-nav.jpg
ERR: 无法加载模块:Public

[ 2017-05-08T22:14:35+08:00 ] ::1 /firstrmb/Public/images/nav-line.jpg
ERR: 无法加载模块:Public

[ 2017-05-08T22:14:37+08:00 ] ::1 /firstrmb/Public/images/nav-line.jpg
ERR: 无法加载模块:Public

[ 2017-05-08T22:14:37+08:00 ] ::1 /firstrmb/Public/images/bg-nav.jpg
ERR: 无法加载模块:Public

[ 2017-05-08T22:14:39+08:00 ] ::1 /firstrmb/Public/images/nav-line.jpg
ERR: 无法加载模块:Public

[ 2017-05-08T22:14:39+08:00 ] ::1 /firstrmb/Public/images/bg-nav.jpg
ERR: 无法加载模块:Public

[ 2017-05-08T22:14:40+08:00 ] ::1 /firstrmb/Public/images/nav-line.jpg
ERR: 无法加载模块:Public

[ 2017-05-08T22:14:41+08:00 ] ::1 /firstrmb/Public/images/bg-nav.jpg
ERR: 无法加载模块:Public

[ 2017-05-08T22:14:42+08:00 ] ::1 /firstrmb/Public/images/nav-line.jpg
ERR: 无法加载模块:Public

[ 2017-05-08T22:14:43+08:00 ] ::1 /firstrmb/Public/images/bg-nav.jpg
ERR: 无法加载模块:Public

[ 2017-05-08T22:14:46+08:00 ] ::1 /firstrmb/Public/images/nav-line.jpg
ERR: 无法加载模块:Public

[ 2017-05-08T22:14:47+08:00 ] ::1 /firstrmb/Public/images/bg-nav.jpg
ERR: 无法加载模块:Public

[ 2017-05-08T22:14:54+08:00 ] ::1 /firstrmb/Public/images/nav-line.jpg
ERR: 无法加载模块:Public

[ 2017-05-08T22:15:10+08:00 ] ::1 /firstrmb/Public/images/bg-nav.jpg
ERR: 无法加载模块:Public

[ 2017-05-08T22:17:46+08:00 ] ::1 /firstrmb/Public/images/nav-line.jpg
ERR: 无法加载模块:Public

[ 2017-05-08T22:17:53+08:00 ] ::1 /firstrmb/Public/images/nav-line.jpg
ERR: 无法加载模块:Public

[ 2017-05-08T22:17:54+08:00 ] ::1 /firstrmb/Public/images/bg-nav.jpg
ERR: 无法加载模块:Public

[ 2017-05-08T22:17:54+08:00 ] ::1 /firstrmb/Public/images/nav-line.jpg
ERR: 无法加载模块:Public

[ 2017-05-08T22:17:54+08:00 ] ::1 /firstrmb/Public/images/bg-nav.jpg
ERR: 无法加载模块:Public

[ 2017-05-08T22:18:22+08:00 ] ::1 /firstrmb/Public/images/nav-line.jpg
ERR: 无法加载模块:Public

[ 2017-05-08T22:19:36+08:00 ] ::1 /firstrmb/Public/images/nav-line.jpg
ERR: 无法加载模块:Public

[ 2017-05-08T22:20:36+08:00 ] ::1 /firstrmb/Public/images/nav-line.jpg
ERR: 无法加载模块:Public

[ 2017-05-08T22:23:59+08:00 ] ::1 /firstrmb/Public/images/bg-nav.jpg
ERR: 无法加载模块:Public

[ 2017-05-08T22:25:07+08:00 ] ::1 /firstrmb/Public/images/nav-line.jpg
ERR: 无法加载模块:Public

[ 2017-05-08T22:25:08+08:00 ] ::1 /firstrmb/Public/images/bg-nav.jpg
ERR: 无法加载模块:Public

[ 2017-05-08T22:25:12+08:00 ] ::1 /firstrmb/Public/images/nav-line.jpg
ERR: 无法加载模块:Public

[ 2017-05-08T22:25:14+08:00 ] ::1 /firstrmb/Public/images/nav-line.jpg
ERR: 无法加载模块:Public

[ 2017-05-08T22:25:18+08:00 ] ::1 /firstrmb/Public/images/nav-line.jpg
ERR: 无法加载模块:Public

[ 2017-05-08T22:25:19+08:00 ] ::1 /firstrmb/Public/images/nav-line.jpg
ERR: 无法加载模块:Public

[ 2017-05-08T22:25:43+08:00 ] ::1 /firstrmb/Public/images/bg-nav.jpg
ERR: 无法加载模块:Public

[ 2017-05-08T22:25:45+08:00 ] ::1 /firstrmb/Public/images/nav-line.jpg
ERR: 无法加载模块:Public

[ 2017-05-08T22:25:49+08:00 ] ::1 /firstrmb/Public/images/nav-line.jpg
ERR: 无法加载模块:Public

[ 2017-05-08T22:26:18+08:00 ] ::1 /firstrmb/Public/images/nav-line.jpg
ERR: 无法加载模块:Public

[ 2017-05-08T22:26:18+08:00 ] ::1 /firstrmb/Public/images/bg-nav.jpg
ERR: 无法加载模块:Public

[ 2017-05-08T22:26:19+08:00 ] ::1 /firstrmb/Public/images/nav-line.jpg
ERR: 无法加载模块:Public

[ 2017-05-08T22:26:36+08:00 ] ::1 /firstrmb/Public/images/bg-nav.jpg
ERR: 无法加载模块:Public

[ 2017-05-08T22:26:37+08:00 ] ::1 /firstrmb/Public/images/nav-line.jpg
ERR: 无法加载模块:Public

[ 2017-05-08T22:26:37+08:00 ] ::1 /firstrmb/Public/images/bg-nav.jpg
ERR: 无法加载模块:Public

[ 2017-05-08T22:27:03+08:00 ] ::1 /firstrmb/Public/images/nav-line.jpg
ERR: 无法加载模块:Public

[ 2017-05-08T22:27:03+08:00 ] ::1 /firstrmb/Public/images/bg-nav.jpg
ERR: 无法加载模块:Public

[ 2017-05-08T22:27:40+08:00 ] ::1 /firstrmb/Public/images/nav-line.jpg
ERR: 无法加载模块:Public

[ 2017-05-08T22:27:41+08:00 ] ::1 /firstrmb/Public/images/nav-line.jpg
ERR: 无法加载模块:Public

[ 2017-05-08T22:27:42+08:00 ] ::1 /firstrmb/Public/images/nav-line.jpg
ERR: 无法加载模块:Public

[ 2017-05-08T22:28:25+08:00 ] ::1 /firstrmb/Public/images/bg-nav.jpg
ERR: 无法加载模块:Public

[ 2017-05-08T22:28:26+08:00 ] ::1 /firstrmb/Public/images/nav-line.jpg
ERR: 无法加载模块:Public

[ 2017-05-08T22:28:27+08:00 ] ::1 /firstrmb/Public/images/bg-nav.jpg
ERR: 无法加载模块:Public

[ 2017-05-08T22:28:49+08:00 ] ::1 /firstrmb/Public/images/nav-line.jpg
ERR: 无法加载模块:Public

[ 2017-05-08T22:28:49+08:00 ] ::1 /firstrmb/Public/images/bg-nav.jpg
ERR: 无法加载模块:Public

[ 2017-05-08T22:32:09+08:00 ] ::1 /firstrmb/Public/images/nav-line.jpg
ERR: 无法加载模块:Public

[ 2017-05-08T22:32:52+08:00 ] ::1 /firstrmb/Public/images/bg-nav.jpg
ERR: 无法加载模块:Public

[ 2017-05-08T22:32:53+08:00 ] ::1 /firstrmb/Public/images/nav-line.jpg
ERR: 无法加载模块:Public

[ 2017-05-08T22:32:53+08:00 ] ::1 /firstrmb/Public/images/bg-nav.jpg
ERR: 无法加载模块:Public

[ 2017-05-08T22:33:21+08:00 ] ::1 /firstrmb/Public/images/bg-nav.jpg
ERR: 无法加载模块:Public

[ 2017-05-08T22:34:09+08:00 ] ::1 /firstrmb/Public/images/nav-line.jpg
ERR: 无法加载模块:Public

[ 2017-05-08T22:34:19+08:00 ] ::1 /firstrmb/Public/images/nav-line.jpg
ERR: 无法加载模块:Public

[ 2017-05-08T22:34:21+08:00 ] ::1 /firstrmb/Public/images/nav-line.jpg
ERR: 无法加载模块:Public

[ 2017-05-08T22:34:23+08:00 ] ::1 /firstrmb/Public/images/nav-line.jpg
ERR: 无法加载模块:Public

[ 2017-05-08T22:34:23+08:00 ] ::1 /firstrmb/Public/images/nav-line.jpg
ERR: 无法加载模块:Public

[ 2017-05-08T22:36:01+08:00 ] ::1 /firstrmb/Public/images/nav-line.jpg
ERR: 无法加载模块:Public

[ 2017-05-08T22:36:29+08:00 ] ::1 /firstrmb/Public/images/nav-line.jpg
ERR: 无法加载模块:Public

[ 2017-05-08T22:36:39+08:00 ] ::1 /firstrmb/Public/images/nav-line.jpg
ERR: 无法加载模块:Public

[ 2017-05-08T22:36:41+08:00 ] ::1 /firstrmb/Public/images/nav-line.jpg
ERR: 无法加载模块:Public

[ 2017-05-08T22:37:12+08:00 ] ::1 /firstrmb/Public/images/nav-line.jpg
ERR: 无法加载模块:Public

[ 2017-05-08T22:37:18+08:00 ] ::1 /firstrmb/Public/images/nav-line.jpg
ERR: 无法加载模块:Public

[ 2017-05-08T22:37:19+08:00 ] ::1 /firstrmb/Public/images/nav-line.jpg
ERR: 无法加载模块:Public

[ 2017-05-08T22:37:37+08:00 ] ::1 /firstrmb/Public/images/nav-line.jpg
ERR: 无法加载模块:Public

[ 2017-05-08T22:37:38+08:00 ] ::1 /firstrmb/Public/images/bg-nav.jpg
ERR: 无法加载模块:Public

[ 2017-05-08T22:39:47+08:00 ] ::1 /firstrmb/Public/images/nav-line.jpg
ERR: 无法加载模块:Public

[ 2017-05-08T22:39:48+08:00 ] ::1 /firstrmb/Public/images/bg-nav.jpg
ERR: 无法加载模块:Public

[ 2017-05-08T22:41:41+08:00 ] ::1 /firstrmb/Public/images/nav-line.jpg
ERR: 无法加载模块:Public

[ 2017-05-08T22:41:42+08:00 ] ::1 /firstrmb/Public/images/bg-nav.jpg
ERR: 无法加载模块:Public

[ 2017-05-08T22:42:43+08:00 ] ::1 /firstrmb/Public/images/nav-line.jpg
ERR: 无法加载模块:Public

[ 2017-05-08T22:42:43+08:00 ] ::1 /firstrmb/Public/images/nav-line.jpg
ERR: 无法加载模块:Public

[ 2017-05-08T22:42:44+08:00 ] ::1 /firstrmb/Public/images/nav-line.jpg
ERR: 无法加载模块:Public

[ 2017-05-08T22:43:16+08:00 ] ::1 /firstrmb/Public/images/bg-nav.jpg
ERR: 无法加载模块:Public

[ 2017-05-08T22:43:17+08:00 ] ::1 /firstrmb/Public/images/nav-line.jpg
ERR: 无法加载模块:Public

[ 2017-05-08T22:44:12+08:00 ] ::1 /firstrmb/Public/images/nav-line.jpg
ERR: 无法加载模块:Public

[ 2017-05-08T22:44:12+08:00 ] ::1 /firstrmb/Public/images/bg-nav.jpg
ERR: 无法加载模块:Public

[ 2017-05-08T22:45:06+08:00 ] ::1 /firstrmb/Public/images/nav-line.jpg
ERR: 无法加载模块:Public

[ 2017-05-08T22:50:33+08:00 ] ::1 /firstrmb/Public/images/nav-line.jpg
ERR: 无法加载模块:Public

[ 2017-05-08T22:52:35+08:00 ] ::1 /firstrmb/Public/images/bg-nav.jpg
ERR: 无法加载模块:Public

[ 2017-05-08T22:52:36+08:00 ] ::1 /firstrmb/Public/images/nav-line.jpg
ERR: 无法加载模块:Public

[ 2017-05-08T22:52:47+08:00 ] ::1 /firstrmb/Public/images/nav-line.jpg
ERR: 无法加载模块:Public

[ 2017-05-08T22:52:51+08:00 ] ::1 /firstrmb/Public/images/nav-line.jpg
ERR: 无法加载模块:Public

[ 2017-05-08T22:52:52+08:00 ] ::1 /firstrmb/Public/images/nav-line.jpg
ERR: 无法加载模块:Public

[ 2017-05-08T22:53:22+08:00 ] ::1 /firstrmb/Public/images/bg-nav.jpg
ERR: 无法加载模块:Public

[ 2017-05-08T22:53:23+08:00 ] ::1 /firstrmb/Public/images/nav-line.jpg
ERR: 无法加载模块:Public

[ 2017-05-08T22:53:24+08:00 ] ::1 /firstrmb/Public/images/nav-line.jpg
ERR: 无法加载模块:Public

[ 2017-05-08T22:53:24+08:00 ] ::1 /firstrmb/Public/images/nav-line.jpg
ERR: 无法加载模块:Public

[ 2017-05-08T22:53:26+08:00 ] ::1 /firstrmb/Public/images/nav-line.jpg
ERR: 无法加载模块:Public

[ 2017-05-08T22:53:59+08:00 ] ::1 /firstrmb/Public/images/nav-line.jpg
ERR: 无法加载模块:Public

[ 2017-05-08T22:54:01+08:00 ] ::1 /firstrmb/Public/images/nav-line.jpg
ERR: 无法加载模块:Public

[ 2017-05-08T22:54:29+08:00 ] ::1 /firstrmb/Public/images/nav-line.jpg
ERR: 无法加载模块:Public

[ 2017-05-08T22:56:09+08:00 ] ::1 /firstrmb/Public/images/bg-nav.jpg
ERR: 无法加载模块:Public

[ 2017-05-08T22:56:11+08:00 ] ::1 /firstrmb/Public/images/nav-line.jpg
ERR: 无法加载模块:Public

[ 2017-05-08T22:56:12+08:00 ] ::1 /firstrmb/Public/images/bg-nav.jpg
ERR: 无法加载模块:Public

[ 2017-05-08T22:57:12+08:00 ] ::1 /firstrmb/Public/images/nav-line.jpg
ERR: 无法加载模块:Public

[ 2017-05-08T22:57:13+08:00 ] ::1 /firstrmb/Public/images/nav-line.jpg
ERR: 无法加载模块:Public

[ 2017-05-08T22:57:13+08:00 ] ::1 /firstrmb/Public/images/bg-nav.jpg
ERR: 无法加载模块:Public

[ 2017-05-08T22:57:16+08:00 ] ::1 /firstrmb/Public/images/nav-line.jpg
ERR: 无法加载模块:Public

[ 2017-05-08T22:57:17+08:00 ] ::1 /firstrmb/Public/images/nav-line.jpg
ERR: 无法加载模块:Public

[ 2017-05-08T22:57:41+08:00 ] ::1 /firstrmb/Public/images/nav-line.jpg
ERR: 无法加载模块:Public

[ 2017-05-08T22:57:42+08:00 ] ::1 /firstrmb/Public/images/bg-nav.jpg
ERR: 无法加载模块:Public

[ 2017-05-08T22:58:28+08:00 ] ::1 /firstrmb/Public/images/nav-line.jpg
ERR: 无法加载模块:Public

[ 2017-05-08T22:58:28+08:00 ] ::1 /firstrmb/Public/images/bg-nav.jpg
ERR: 无法加载模块:Public

[ 2017-05-08T22:58:42+08:00 ] ::1 /firstrmb/Public/images/nav-line.jpg
ERR: 无法加载模块:Public

[ 2017-05-08T22:59:03+08:00 ] ::1 /firstrmb/Public/images/nav-line.jpg
ERR: 无法加载模块:Public

[ 2017-05-08T22:59:04+08:00 ] ::1 /firstrmb/Public/images/nav-line.jpg
ERR: 无法加载模块:Public

[ 2017-05-08T22:59:06+08:00 ] ::1 /firstrmb/Public/images/nav-line.jpg
ERR: 无法加载模块:Public

[ 2017-05-08T22:59:44+08:00 ] ::1 /firstrmb/Public/images/nav-line.jpg
ERR: 无法加载模块:Public

[ 2017-05-08T22:59:53+08:00 ] ::1 /firstrmb/Public/images/bg-nav.jpg
ERR: 无法加载模块:Public

[ 2017-05-08T23:00:48+08:00 ] ::1 /firstrmb/Public/images/nav-line.jpg
ERR: 无法加载模块:Public

[ 2017-05-08T23:01:03+08:00 ] ::1 /firstrmb/Public/images/bg-nav.jpg
ERR: 无法加载模块:Public

[ 2017-05-08T23:01:39+08:00 ] ::1 /firstrmb/Public/images/nav-line.jpg
ERR: 无法加载模块:Public

[ 2017-05-08T23:01:39+08:00 ] ::1 /firstrmb/Public/images/bg-nav.jpg
ERR: 无法加载模块:Public

[ 2017-05-08T23:01:43+08:00 ] ::1 /firstrmb/Public/images/nav-line.jpg
ERR: 无法加载模块:Public

[ 2017-05-08T23:02:01+08:00 ] ::1 /firstrmb/Public/images/nav-line.jpg
ERR: 无法加载模块:Public

[ 2017-05-08T23:02:01+08:00 ] ::1 /firstrmb/Public/images/bg-nav.jpg
ERR: 无法加载模块:Public

[ 2017-05-08T23:02:03+08:00 ] ::1 /firstrmb/Public/images/nav-line.jpg
ERR: 无法加载模块:Public

[ 2017-05-08T23:02:23+08:00 ] ::1 /firstrmb/Public/images/nav-line.jpg
ERR: 无法加载模块:Public

[ 2017-05-08T23:02:23+08:00 ] ::1 /firstrmb/Public/images/bg-nav.jpg
ERR: 无法加载模块:Public

[ 2017-05-08T23:02:39+08:00 ] ::1 /firstrmb/Public/images/nav-line.jpg
ERR: 无法加载模块:Public

[ 2017-05-08T23:02:39+08:00 ] ::1 /firstrmb/Public/images/bg-nav.jpg
ERR: 无法加载模块:Public

[ 2017-05-08T23:02:53+08:00 ] ::1 /firstrmb/Public/images/nav-line.jpg
ERR: 无法加载模块:Public

[ 2017-05-08T23:03:01+08:00 ] ::1 /firstrmb/Public/images/nav-line.jpg
ERR: 无法加载模块:Public

[ 2017-05-08T23:03:33+08:00 ] ::1 /firstrmb/Public/images/nav-line.jpg
ERR: 无法加载模块:Public

[ 2017-05-08T23:03:55+08:00 ] ::1 /firstrmb/Public/images/nav-line.jpg
ERR: 无法加载模块:Public

[ 2017-05-08T23:04:19+08:00 ] ::1 /firstrmb/Public/images/nav-line.jpg
ERR: 无法加载模块:Public

[ 2017-05-08T23:04:46+08:00 ] ::1 /firstrmb/Public/images/bg-nav.jpg
ERR: 无法加载模块:Public

[ 2017-05-08T23:06:01+08:00 ] ::1 /firstrmb/Public/images/bg-nav.jpg
ERR: 无法加载模块:Public

[ 2017-05-08T23:08:59+08:00 ] ::1 /firstrmb/Public/images/nav-line.jpg
ERR: 无法加载模块:Public

[ 2017-05-08T23:08:59+08:00 ] ::1 /firstrmb/Public/images/bg-nav.jpg
ERR: 无法加载模块:Public

[ 2017-05-08T23:09:18+08:00 ] ::1 /firstrmb/Public/images/nav-line.jpg
ERR: 无法加载模块:Public

[ 2017-05-08T23:09:18+08:00 ] ::1 /firstrmb/Public/images/bg-nav.jpg
ERR: 无法加载模块:Public

[ 2017-05-08T23:09:19+08:00 ] ::1 /firstrmb/Public/images/nav-line.jpg
ERR: 无法加载模块:Public

[ 2017-05-08T23:09:58+08:00 ] ::1 /firstrmb/Public/images/bg-nav.jpg
ERR: 无法加载模块:Public

[ 2017-05-08T23:09:59+08:00 ] ::1 /firstrmb/Public/images/nav-line.jpg
ERR: 无法加载模块:Public

[ 2017-05-08T23:09:59+08:00 ] ::1 /firstrmb/Public/images/bg-nav.jpg
ERR: 无法加载模块:Public

[ 2017-05-08T23:11:52+08:00 ] ::1 /firstrmb/Public/images/nav-line.jpg
ERR: 无法加载模块:Public

[ 2017-05-08T23:11:53+08:00 ] ::1 /firstrmb/Public/images/bg-nav.jpg
ERR: 无法加载模块:Public

[ 2017-05-08T23:12:23+08:00 ] ::1 /firstrmb/Public/images/nav-line.jpg
ERR: 无法加载模块:Public

[ 2017-05-08T23:12:27+08:00 ] ::1 /firstrmb/Public/images/nav-line.jpg
ERR: 无法加载模块:Public

[ 2017-05-08T23:12:30+08:00 ] ::1 /firstrmb/Public/images/nav-line.jpg
ERR: 无法加载模块:Public

[ 2017-05-08T23:12:33+08:00 ] ::1 /firstrmb/Public/images/nav-line.jpg
ERR: 无法加载模块:Public

[ 2017-05-08T23:12:35+08:00 ] ::1 /firstrmb/Public/images/nav-line.jpg
ERR: 无法加载模块:Public

[ 2017-05-08T23:12:40+08:00 ] ::1 /firstrmb/Public/images/bg-nav.jpg
ERR: 无法加载模块:Public

[ 2017-05-08T23:12:42+08:00 ] ::1 /firstrmb/Public/images/nav-line.jpg
ERR: 无法加载模块:Public

[ 2017-05-08T23:12:47+08:00 ] ::1 /firstrmb/Public/images/nav-line.jpg
ERR: 无法加载模块:Public

[ 2017-05-08T23:12:55+08:00 ] ::1 /firstrmb/Public/images/nav-line.jpg
ERR: 无法加载模块:Public

[ 2017-05-08T23:13:13+08:00 ] ::1 /firstrmb/Public/images/nav-line.jpg
ERR: 无法加载模块:Public

[ 2017-05-08T23:13:15+08:00 ] ::1 /firstrmb/Public/images/nav-line.jpg
ERR: 无法加载模块:Public

[ 2017-05-08T23:13:15+08:00 ] ::1 /firstrmb/Public/images/bg-nav.jpg
ERR: 无法加载模块:Public

[ 2017-05-08T23:13:15+08:00 ] ::1 /firstrmb/Public/images/nav-line.jpg
ERR: 无法加载模块:Public

[ 2017-05-08T23:13:15+08:00 ] ::1 /firstrmb/Public/images/bg-nav.jpg
ERR: 无法加载模块:Public

[ 2017-05-08T23:13:16+08:00 ] ::1 /firstrmb/Public/images/nav-line.jpg
ERR: 无法加载模块:Public

[ 2017-05-08T23:13:16+08:00 ] ::1 /firstrmb/Public/images/bg-nav.jpg
ERR: 无法加载模块:Public

[ 2017-05-08T23:13:18+08:00 ] ::1 /firstrmb/Public/images/nav-line.jpg
ERR: 无法加载模块:Public

[ 2017-05-08T23:13:30+08:00 ] ::1 /firstrmb/Public/images/bg-nav.jpg
ERR: 无法加载模块:Public

[ 2017-05-08T23:13:39+08:00 ] ::1 /firstrmb/Public/images/nav-line.jpg
ERR: 无法加载模块:Public

[ 2017-05-08T23:13:39+08:00 ] ::1 /firstrmb/Public/images/bg-nav.jpg
ERR: 无法加载模块:Public

[ 2017-05-08T23:13:40+08:00 ] ::1 /firstrmb/Public/images/nav-line.jpg
ERR: 无法加载模块:Public

[ 2017-05-08T23:13:48+08:00 ] ::1 /firstrmb/Public/images/nav-line.jpg
ERR: 无法加载模块:Public

[ 2017-05-08T23:13:48+08:00 ] ::1 /firstrmb/Public/images/bg-nav.jpg
ERR: 无法加载模块:Public

[ 2017-05-08T23:15:28+08:00 ] ::1 /firstrmb/Public/images/nav-line.jpg
ERR: 无法加载模块:Public

[ 2017-05-08T23:15:35+08:00 ] ::1 /firstrmb/Public/images/nav-line.jpg
ERR: 无法加载模块:Public

[ 2017-05-08T23:15:35+08:00 ] ::1 /firstrmb/Public/images/bg-nav.jpg
ERR: 无法加载模块:Public

[ 2017-05-08T23:16:59+08:00 ] ::1 /firstrmb/Public/images/nav-line.jpg
ERR: 无法加载模块:Public

[ 2017-05-08T23:17:00+08:00 ] ::1 /firstrmb/Public/images/nav-line.jpg
ERR: 无法加载模块:Public

[ 2017-05-08T23:17:00+08:00 ] ::1 /firstrmb/Public/images/bg-nav.jpg
ERR: 无法加载模块:Public

[ 2017-05-08T23:17:01+08:00 ] ::1 /firstrmb/Public/images/nav-line.jpg
ERR: 无法加载模块:Public

[ 2017-05-08T23:17:01+08:00 ] ::1 /firstrmb/Public/images/bg-nav.jpg
ERR: 无法加载模块:Public

[ 2017-05-08T23:17:02+08:00 ] ::1 /firstrmb/Public/images/nav-line.jpg
ERR: 无法加载模块:Public

