[ 2017-05-04T13:44:35+08:00 ] ::1 /firstrmb/index.php/Admin/Index/menu/homeslide.html
ERR: 非法操作:menu

[ 2017-05-04T13:44:37+08:00 ] ::1 /firstrmb/Admin/Home/basicInfo
ERR: 无法加载控制器:Home

[ 2017-05-04T13:46:29+08:00 ] ::1 /firstrmb/Admin/Home/basicInfo
ERR: 无法加载控制器:Home

[ 2017-05-04T13:46:30+08:00 ] ::1 /firstrmb/index.php/Admin/Index/menu/homeslide.html
ERR: 非法操作:menu

[ 2017-05-04T13:46:30+08:00 ] ::1 /firstrmb/Admin/Home/basicInfo
ERR: 无法加载控制器:Home

[ 2017-05-04T13:46:31+08:00 ] ::1 /firstrmb/Admin/Home/basicInfo
ERR: 无法加载控制器:Home

[ 2017-05-04T13:46:32+08:00 ] ::1 /firstrmb/Admin/Home/basicInfo
ERR: 无法加载控制器:Home

[ 2017-05-04T13:46:32+08:00 ] ::1 /firstrmb/Admin/Home/basicInfo
ERR: 无法加载控制器:Home

[ 2017-05-04T13:46:42+08:00 ] ::1 /firstrmb/index.php/Admin/Index/menu/homeslide.html
ERR: 非法操作:menu

[ 2017-05-04T13:46:42+08:00 ] ::1 /firstrmb/Admin/HomeMaint/basicInfo
ERR: 模板不存在:./Application/Admin/View/HomeMaint/basicInfo.html

[ 2017-05-04T13:47:26+08:00 ] ::1 /firstrmb/Admin/HomeMenu/getHomeMenuListData
INFO: [ app_begin ] --START--
INFO: Run Behavior\ReadHtmlCacheBehavior [ RunTime:0.000346s ]
INFO: [ app_begin ] --END-- [ RunTime:0.000627s ]
ERR: 无法加载控制器:HomeMenu

[ 2017-05-04T13:47:38+08:00 ] ::1 /firstrmb/index.php/Admin/Index/menu/homeslide.html
ERR: 非法操作:menu

[ 2017-05-04T13:47:39+08:00 ] ::1 /firstrmb/Admin/HomeMenu/getHomeMenuListData
INFO: [ app_begin ] --START--
INFO: Run Behavior\ReadHtmlCacheBehavior [ RunTime:0.000359s ]
INFO: [ app_begin ] --END-- [ RunTime:0.000659s ]
ERR: 无法加载控制器:HomeMenu

[ 2017-05-04T13:48:13+08:00 ] ::1 /firstrmb/Admin/HomeMenu/getHomeMenuListData
INFO: [ app_begin ] --START--
INFO: Run Behavior\ReadHtmlCacheBehavior [ RunTime:0.000367s ]
INFO: [ app_begin ] --END-- [ RunTime:0.000645s ]
ERR: 无法加载控制器:HomeMenu

[ 2017-05-04T13:48:16+08:00 ] ::1 /firstrmb/Admin/HomeMenu/getHomeMenuListData
INFO: [ app_begin ] --START--
INFO: Run Behavior\ReadHtmlCacheBehavior [ RunTime:0.000345s ]
INFO: [ app_begin ] --END-- [ RunTime:0.000605s ]
ERR: 无法加载控制器:HomeMenu

[ 2017-05-04T14:01:45+08:00 ] ::1 /firstrmb/Admin/HomeMenu/getHomeMenuListData
INFO: [ app_begin ] --START--
INFO: Run Behavior\ReadHtmlCacheBehavior [ RunTime:0.000544s ]
INFO: [ app_begin ] --END-- [ RunTime:0.000898s ]
ERR: 无法加载控制器:HomeMenu

[ 2017-05-04T14:02:56+08:00 ] ::1 /firstrmb/Admin/HomeMenu/getHomeMenuListData
INFO: [ app_begin ] --START--
INFO: Run Behavior\ReadHtmlCacheBehavior [ RunTime:0.000552s ]
INFO: [ app_begin ] --END-- [ RunTime:0.000875s ]
ERR: 无法加载控制器:HomeMenu

[ 2017-05-04T14:04:15+08:00 ] ::1 /firstrmb/Admin/RichEdit/editSimpleRichText/category/corpbrief
ERR: SQLSTATE[42S02]: Base table or view not found: 1146 La table 'firstrmb.firstrmb_rich_text' n'existe pas

[ 2017-05-04T14:15:01+08:00 ] ::1 /firstrmb/Admin/HomeMenu/getHomeMenuListData
INFO: [ app_begin ] --START--
INFO: Run Behavior\ReadHtmlCacheBehavior [ RunTime:0.000442s ]
INFO: [ app_begin ] --END-- [ RunTime:0.000705s ]
ERR: 无法加载控制器:HomeMenu

[ 2017-05-04T14:15:23+08:00 ] ::1 /firstrmb/Admin/HomeMenu/getHomeMenuListData
INFO: [ app_begin ] --START--
INFO: Run Behavior\ReadHtmlCacheBehavior [ RunTime:0.000439s ]
INFO: [ app_begin ] --END-- [ RunTime:0.000726s ]
ERR: 无法加载控制器:HomeMenu

[ 2017-05-04T14:15:55+08:00 ] ::1 /firstrmb/Admin/HomeMenu/getHomeMenuListData
INFO: [ app_begin ] --START--
INFO: Run Behavior\ReadHtmlCacheBehavior [ RunTime:0.000376s ]
INFO: [ app_begin ] --END-- [ RunTime:0.000645s ]
ERR: 无法加载控制器:HomeMenu

[ 2017-05-04T14:16:08+08:00 ] ::1 /firstrmb/Admin/HomeMenu/getHomeMenuListData
INFO: [ app_begin ] --START--
INFO: Run Behavior\ReadHtmlCacheBehavior [ RunTime:0.000367s ]
INFO: [ app_begin ] --END-- [ RunTime:0.000631s ]
ERR: 无法加载控制器:HomeMenu

[ 2017-05-04T14:16:18+08:00 ] ::1 /firstrmb/Admin/HomeMenu/getHomeMenuListData
INFO: [ app_begin ] --START--
INFO: Run Behavior\ReadHtmlCacheBehavior [ RunTime:0.000567s ]
INFO: [ app_begin ] --END-- [ RunTime:0.001027s ]
ERR: 无法加载控制器:HomeMenu

[ 2017-05-04T14:16:23+08:00 ] ::1 /firstrmb/Admin/HomeMenu/homeMenuList
ERR: 无法加载控制器:HomeMenu

[ 2017-05-04T21:13:14+08:00 ] ::1 /firstrmb/Admin/HomeMenu/getHomeMenuListData
INFO: [ app_begin ] --START--
INFO: Run Behavior\ReadHtmlCacheBehavior [ RunTime:0.000363s ]
INFO: [ app_begin ] --END-- [ RunTime:0.000641s ]
ERR: 无法加载控制器:HomeMenu

[ 2017-05-04T21:17:05+08:00 ] ::1 /firstrmb/Admin/HomeMenu/getHomeMenuListData
INFO: [ app_begin ] --START--
INFO: Run Behavior\ReadHtmlCacheBehavior [ RunTime:0.000548s ]
INFO: [ app_begin ] --END-- [ RunTime:0.000846s ]
ERR: 无法加载控制器:HomeMenu

[ 2017-05-04T21:17:41+08:00 ] ::1 /firstrmb/Admin/HomeMenu/getHomeMenuListData
INFO: [ app_begin ] --START--
INFO: Run Behavior\ReadHtmlCacheBehavior [ RunTime:0.000599s ]
INFO: [ app_begin ] --END-- [ RunTime:0.000968s ]
ERR: 无法加载控制器:HomeMenu

[ 2017-05-04T21:42:32+08:00 ] ::1 /firstrmb/Admin/HomeMenu/getHomeMenuListData
INFO: [ app_begin ] --START--
INFO: Run Behavior\ReadHtmlCacheBehavior [ RunTime:0.000964s ]
INFO: [ app_begin ] --END-- [ RunTime:0.001405s ]
ERR: 无法加载控制器:HomeMenu

[ 2017-05-04T21:42:33+08:00 ] ::1 /firstrmb/Admin/LogoMaint/editLogo
ERR: 无法加载控制器:LogoMaint

[ 2017-05-04T21:43:27+08:00 ] ::1 /firstrmb/index.php/Admin/LogoMaint/updateSlide
ERR: 非法操作:updateSlide

[ 2017-05-04T21:50:07+08:00 ] ::1 /firstrmb/index.php/Admin/LogoMaint/slideList
ERR: 非法操作:slideList

[ 2017-05-04T21:52:56+08:00 ] ::1 /firstrmb/Admin/HomeMenu/getHomeMenuListData
INFO: [ app_begin ] --START--
INFO: Run Behavior\ReadHtmlCacheBehavior [ RunTime:0.000591s ]
INFO: [ app_begin ] --END-- [ RunTime:0.000971s ]
ERR: 无法加载控制器:HomeMenu

[ 2017-05-04T21:53:56+08:00 ] ::1 /firstrmb/Admin/HomeMenu/getHomeMenuListData
INFO: [ app_begin ] --START--
INFO: Run Behavior\ReadHtmlCacheBehavior [ RunTime:0.000384s ]
INFO: [ app_begin ] --END-- [ RunTime:0.000722s ]
ERR: 无法加载控制器:HomeMenu

[ 2017-05-04T21:54:20+08:00 ] ::1 /firstrmb/Admin/HomeMenu/getHomeMenuListData
INFO: [ app_begin ] --START--
INFO: Run Behavior\ReadHtmlCacheBehavior [ RunTime:0.000404s ]
INFO: [ app_begin ] --END-- [ RunTime:0.000734s ]
ERR: 无法加载控制器:HomeMenu

[ 2017-05-04T21:55:47+08:00 ] ::1 /firstrmb/Admin/HomeMenu/getHomeMenuListData
INFO: [ app_begin ] --START--
INFO: Run Behavior\ReadHtmlCacheBehavior [ RunTime:0.000575s ]
INFO: [ app_begin ] --END-- [ RunTime:0.000888s ]
ERR: 无法加载控制器:HomeMenu

[ 2017-05-04T21:57:04+08:00 ] ::1 /firstrmb/Admin/HomeMaint/basicInfo
ERR: 模板不存在:./Application/Admin/View/HomeMaint/basicInfo.html

[ 2017-05-04T22:13:43+08:00 ] ::1 /firstrmb/index.php/Admin/HomeMaint/updateBasicInfo
ERR: 非法操作:updateBasicInfo

[ 2017-05-04T22:21:55+08:00 ] ::1 /firstrmb/Admin/RichEdit/editSimpleRichText/category/corpbrief
ERR: SQLSTATE[42S02]: Base table or view not found: 1146 La table 'firstrmb.firstrmb_rich_text' n'existe pas

[ 2017-05-04T22:26:52+08:00 ] ::1 /firstrmb/Admin/AboutUs/auctionList
ERR: 无法加载控制器:AboutUs

[ 2017-05-04T22:27:59+08:00 ] ::1 /firstrmb/index.php/Admin/Index/aboutUs/auctionList.html
ERR: 非法操作:aboutUs

